[0.052s] Invoking command in '/home/mscrobotics2425laptop16/mujoco_ros_ws/build/mujoco_ros2_control': CMAKE_PREFIX_PATH=${CMAKE_PREFIX_PATH}:/home/mscrobotics2425laptop16/interbotix_ws/install/interbotix_xs_modules:/home/mscrobotics2425laptop16/interbotix_ws/install/interbotix_perception_modules:/home/mscrobotics2425laptop16/interbotix_ws/install/interbotix_common_modules:/home/mscrobotics2425laptop16/interbotix_ws/install/control_pkg:/opt/ros/humble /usr/bin/cmake --build /home/mscrobotics2425laptop16/mujoco_ros_ws/build/mujoco_ros2_control -- -j12 -l12
[0.161s] [35m[1mConsolidate compiler generated dependencies of target mujoco_ros2_control[0m
[0.217s] [ 33%] [32mBuilding CXX object CMakeFiles/mujoco_ros2_control.dir/src/mujoco_ros2_control_node.cpp.o[0m
[0.219s] [ 50%] Built target mujoco_system_plugins
[3.301s] [01m[K/home/mscrobotics2425laptop16/mujoco_ros_ws/src/mujoco_ros2_control/mujoco_ros2_control/src/mujoco_ros2_control_node.cpp:[m[K In function â€˜[01m[Kint main(int, const char**)[m[Kâ€™:
[3.302s] [01m[K/home/mscrobotics2425laptop16/mujoco_ros_ws/src/mujoco_ros2_control/mujoco_ros2_control/src/mujoco_ros2_control_node.cpp:52:17:[m[K [01;31m[Kerror: [m[Kâ€˜[01m[KmjModel[m[Kâ€™ {aka â€˜[01m[Kstruct mjModel_[m[Kâ€™} has no member named â€˜[01m[Kgeom_tactile[m[Kâ€™; did you mean â€˜[01m[Kgeom_matid[m[Kâ€™?
[3.302s]    52 |   mujoco_model->[01;31m[Kgeom_tactile[m[K[gid] = 1;
[3.302s]       |                 [01;31m[K^~~~~~~~~~~~[m[K
[3.302s]       |                 [32m[Kgeom_matid[m[K
[3.302s] [01m[K/home/mscrobotics2425laptop16/mujoco_ros_ws/src/mujoco_ros2_control/mujoco_ros2_control/src/mujoco_ros2_control_node.cpp:56:17:[m[K [01;31m[Kerror: [m[Kâ€˜[01m[KmjModel[m[Kâ€™ {aka â€˜[01m[Kstruct mjModel_[m[Kâ€™} has no member named â€˜[01m[Kncondomax[m[Kâ€™; did you mean â€˜[01m[Knconmax[m[Kâ€™?
[3.302s]    56 |   mujoco_model->[01;31m[Kncondomax[m[K = 3;  // æœ€å¤§ condim
[3.302s]       |                 [01;31m[K^~~~~~~~~[m[K
[3.302s]       |                 [32m[Knconmax[m[K
[4.324s] gmake[2]: *** [CMakeFiles/mujoco_ros2_control.dir/build.make:76ï¼šCMakeFiles/mujoco_ros2_control.dir/src/mujoco_ros2_control_node.cpp.o] é”™è¯¯ 1
[4.324s] gmake[1]: *** [CMakeFiles/Makefile2:165ï¼šCMakeFiles/mujoco_ros2_control.dir/all] é”™è¯¯ 2
[4.324s] gmake: *** [Makefile:146ï¼šall] é”™è¯¯ 2
[4.328s] Invoked command in '/home/mscrobotics2425laptop16/mujoco_ros_ws/build/mujoco_ros2_control' returned '2': CMAKE_PREFIX_PATH=${CMAKE_PREFIX_PATH}:/home/mscrobotics2425laptop16/interbotix_ws/install/interbotix_xs_modules:/home/mscrobotics2425laptop16/interbotix_ws/install/interbotix_perception_modules:/home/mscrobotics2425laptop16/interbotix_ws/install/interbotix_common_modules:/home/mscrobotics2425laptop16/interbotix_ws/install/control_pkg:/opt/ros/humble /usr/bin/cmake --build /home/mscrobotics2425laptop16/mujoco_ros_ws/build/mujoco_ros2_control -- -j12 -l12
