-- Found ament_cmake: 1.3.11 (/opt/ros/humble/share/ament_cmake/cmake)
-- Found rosidl_default_generators: 1.2.0 (/opt/ros/humble/share/rosidl_default_generators/cmake)
-- Using all available rosidl_typesupport_c: rosidl_typesupport_fastrtps_c;rosidl_typesupport_introspection_c
-- Found rosidl_adapter: 3.1.6 (/opt/ros/humble/share/rosidl_adapter/cmake)
-- Using all available rosidl_typesupport_cpp: rosidl_typesupport_fastrtps_cpp;rosidl_typesupport_introspection_cpp
-- Found rclcpp: 16.0.11 (/opt/ros/humble/share/rclcpp/cmake)
-- Found rmw_implementation_cmake: 6.1.2 (/opt/ros/humble/share/rmw_implementation_cmake/cmake)
-- Found rmw_fastrtps_cpp: 6.2.7 (/opt/ros/humble/share/rmw_fastrtps_cpp/cmake)
-- Using RMW implementation 'rmw_fastrtps_cpp' as default
-- Found trajectory_msgs: 4.2.4 (/opt/ros/humble/share/trajectory_msgs/cmake)
-- Found control_msgs: 4.8.0 (/opt/ros/humble/share/control_msgs/cmake)
-- Found diagnostic_msgs: 4.2.4 (/opt/ros/humble/share/diagnostic_msgs/cmake)
-- Found ament_cmake_ros: 0.10.0 (/opt/ros/humble/share/ament_cmake_ros/cmake)
-- Using all available rosidl_typesupport_c: rosidl_typesupport_fastrtps_c;rosidl_typesupport_introspection_c
-- Using all available rosidl_typesupport_cpp: rosidl_typesupport_fastrtps_cpp;rosidl_typesupport_introspection_cpp
-- Found python_cmake_module: 0.10.0 (/opt/ros/humble/share/python_cmake_module/cmake)
-- Using PYTHON_EXECUTABLE: /usr/bin/python3
-- Using PYTHON_INCLUDE_DIRS: /usr/include/python3.10
-- Using PYTHON_LIBRARIES: /usr/lib/x86_64-linux-gnu/libpython3.10.so
-- Found ament_lint_auto: 0.12.11 (/opt/ros/humble/share/ament_lint_auto/cmake)
-- Configuring done
-- Generating done
-- Build files have been written to: /home/mscrobotics2425laptop16/mujoco_ros_ws/build/fr3_control_publish
[35m[1mConsolidate compiler generated dependencies of target fr3_control_publish__rosidl_generator_c[0m
[35m[1mConsolidate compiler generated dependencies of target fr3_monitor[0m
[35m[1mConsolidate compiler generated dependencies of target simple_control_node[0m
[35m[1mConsolidate compiler generated dependencies of target tangential_velocity_controller[0m
[  2%] [32mBuilding CXX object CMakeFiles/hybridforcetangentialcontroller.dir/src/HybridForceTangentialController.cpp.o[0m
[  9%] Built target fr3_control_publish__rosidl_generator_c
[ 11%] Built target fr3_control_publish__cpp
[ 20%] Built target simple_control_node
[ 20%] Built target fr3_monitor
[ 20%] Built target ament_cmake_python_copy_fr3_control_publish
[01m[K/home/mscrobotics2425laptop16/mujoco_ros_ws/src/fr3_control_publish/src/HybridForceTangentialController.cpp:1:10:[m[K [01;31m[Kfatal error: [m[Krclcpp/rclcpp.hpp: Ê≤°ÊúâÈÇ£‰∏™Êñá‰ª∂ÊàñÁõÆÂΩï
    1 | #include [01;31m[K<rclcpp/rclcpp.hpp>[m[K
      |          [01;31m[K^~~~~~~~~~~~~~~~~~~[m[K
compilation terminated.
[ 23%] [32mBuilding CXX object CMakeFiles/tangential_velocity_controller.dir/src/TangentialVelocityController.cpp.o[0m
gmake[2]: *** [CMakeFiles/hybridforcetangentialcontroller.dir/build.make:76ÔºöCMakeFiles/hybridforcetangentialcontroller.dir/src/HybridForceTangentialController.cpp.o] ÈîôËØØ 1
gmake[1]: *** [CMakeFiles/Makefile2:734ÔºöCMakeFiles/hybridforcetangentialcontroller.dir/all] ÈîôËØØ 2
gmake[1]: *** Ê≠£Âú®Á≠âÂæÖÊú™ÂÆåÊàêÁöÑ‰ªªÂä°....
[35m[1mConsolidate compiler generated dependencies of target fr3_control_publish__rosidl_typesupport_fastrtps_c[0m
[35m[1mConsolidate compiler generated dependencies of target fr3_control_publish__rosidl_typesupport_introspection_c[0m
[35m[1mConsolidate compiler generated dependencies of target fr3_control_publish__rosidl_typesupport_c[0m
[35m[1mConsolidate compiler generated dependencies of target fr3_control_publish__rosidl_typesupport_fastrtps_cpp[0m
[35m[1mConsolidate compiler generated dependencies of target fr3_control_publish__rosidl_typesupport_cpp[0m
[35m[1mConsolidate compiler generated dependencies of target fr3_control_publish__rosidl_typesupport_introspection_cpp[0m
[ 30%] Built target fr3_control_publish__rosidl_typesupport_introspection_c
[ 37%] Built target fr3_control_publish__rosidl_typesupport_cpp
[ 44%] Built target fr3_control_publish__rosidl_typesupport_fastrtps_cpp
[ 51%] Built target fr3_control_publish__rosidl_typesupport_c
[ 58%] Built target fr3_control_publish__rosidl_typesupport_introspection_cpp
[ 65%] Built target fr3_control_publish__rosidl_typesupport_fastrtps_c
running egg_info
writing fr3_control_publish.egg-info/PKG-INFO
writing dependency_links to fr3_control_publish.egg-info/dependency_links.txt
writing top-level names to fr3_control_publish.egg-info/top_level.txt
reading manifest file 'fr3_control_publish.egg-info/SOURCES.txt'
writing manifest file 'fr3_control_publish.egg-info/SOURCES.txt'
[ 65%] Built target ament_cmake_python_build_fr3_control_publish_egg
[ 67%] [32m[1mLinking CXX executable tangential_velocity_controller[0m
[ 67%] Built target tangential_velocity_controller
gmake: *** [Makefile:146Ôºöall] ÈîôËØØ 2
