[0.064s] Invoking command in '/home/mscrobotics2425laptop16/mujoco_ros_ws/build/fr3_control_publish': CMAKE_PREFIX_PATH=${CMAKE_PREFIX_PATH}:/home/mscrobotics2425laptop16/interbotix_ws/install/interbotix_xs_modules:/home/mscrobotics2425laptop16/interbotix_ws/install/interbotix_perception_modules:/home/mscrobotics2425laptop16/interbotix_ws/install/interbotix_common_modules:/home/mscrobotics2425laptop16/interbotix_ws/install/control_pkg:/opt/ros/humble /usr/bin/cmake --build /home/mscrobotics2425laptop16/mujoco_ros_ws/build/fr3_control_publish -- -j12 -l12
[0.147s] -- Found ament_cmake: 1.3.11 (/opt/ros/humble/share/ament_cmake/cmake)
[0.599s] -- Found rosidl_default_generators: 1.2.0 (/opt/ros/humble/share/rosidl_default_generators/cmake)
[0.617s] -- Using all available rosidl_typesupport_c: rosidl_typesupport_fastrtps_c;rosidl_typesupport_introspection_c
[0.625s] -- Found rosidl_adapter: 3.1.6 (/opt/ros/humble/share/rosidl_adapter/cmake)
[0.712s] -- Using all available rosidl_typesupport_cpp: rosidl_typesupport_fastrtps_cpp;rosidl_typesupport_introspection_cpp
[0.794s] -- Found rclcpp: 16.0.11 (/opt/ros/humble/share/rclcpp/cmake)
[0.919s] -- Found rmw_implementation_cmake: 6.1.2 (/opt/ros/humble/share/rmw_implementation_cmake/cmake)
[0.925s] -- Found rmw_fastrtps_cpp: 6.2.7 (/opt/ros/humble/share/rmw_fastrtps_cpp/cmake)
[1.213s] -- Using RMW implementation 'rmw_fastrtps_cpp' as default
[1.315s] -- Found trajectory_msgs: 4.2.4 (/opt/ros/humble/share/trajectory_msgs/cmake)
[1.378s] -- Found control_msgs: 4.8.0 (/opt/ros/humble/share/control_msgs/cmake)
[1.545s] -- Found diagnostic_msgs: 4.2.4 (/opt/ros/humble/share/diagnostic_msgs/cmake)
[2.184s] -- Found ament_cmake_ros: 0.10.0 (/opt/ros/humble/share/ament_cmake_ros/cmake)
[2.685s] -- Using all available rosidl_typesupport_c: rosidl_typesupport_fastrtps_c;rosidl_typesupport_introspection_c
[3.566s] -- Using all available rosidl_typesupport_cpp: rosidl_typesupport_fastrtps_cpp;rosidl_typesupport_introspection_cpp
[3.624s] -- Found python_cmake_module: 0.10.0 (/opt/ros/humble/share/python_cmake_module/cmake)
[3.705s] -- Using PYTHON_EXECUTABLE: /usr/bin/python3
[3.705s] -- Using PYTHON_INCLUDE_DIRS: /usr/include/python3.10
[3.706s] -- Using PYTHON_LIBRARIES: /usr/lib/x86_64-linux-gnu/libpython3.10.so
[3.927s] -- Found ament_lint_auto: 0.12.11 (/opt/ros/humble/share/ament_lint_auto/cmake)
[3.938s] -- Configuring done
[4.095s] -- Generating done
[4.152s] -- Build files have been written to: /home/mscrobotics2425laptop16/mujoco_ros_ws/build/fr3_control_publish
[4.229s] [35m[1mConsolidate compiler generated dependencies of target fr3_control_publish__rosidl_generator_c[0m
[4.233s] [35m[1mConsolidate compiler generated dependencies of target fr3_monitor[0m
[4.233s] [35m[1mConsolidate compiler generated dependencies of target simple_control_node[0m
[4.235s] [35m[1mConsolidate compiler generated dependencies of target tangential_velocity_controller[0m
[4.274s] [  2%] [32mBuilding CXX object CMakeFiles/hybridforcetangentialcontroller.dir/src/HybridForceTangentialController.cpp.o[0m
[4.286s] [  9%] Built target fr3_control_publish__rosidl_generator_c
[4.290s] [ 11%] Built target fr3_control_publish__cpp
[4.295s] [ 20%] Built target simple_control_node
[4.295s] [ 20%] Built target fr3_monitor
[4.296s] [ 20%] Built target ament_cmake_python_copy_fr3_control_publish
[4.300s] [01m[K/home/mscrobotics2425laptop16/mujoco_ros_ws/src/fr3_control_publish/src/HybridForceTangentialController.cpp:1:10:[m[K [01;31m[Kfatal error: [m[Krclcpp/rclcpp.hpp: Ê≤°ÊúâÈÇ£‰∏™Êñá‰ª∂ÊàñÁõÆÂΩï
[4.300s]     1 | #include [01;31m[K<rclcpp/rclcpp.hpp>[m[K
[4.301s]       |          [01;31m[K^~~~~~~~~~~~~~~~~~~[m[K
[4.301s] compilation terminated.
[4.312s] [ 23%] [32mBuilding CXX object CMakeFiles/tangential_velocity_controller.dir/src/TangentialVelocityController.cpp.o[0m
[4.315s] gmake[2]: *** [CMakeFiles/hybridforcetangentialcontroller.dir/build.make:76ÔºöCMakeFiles/hybridforcetangentialcontroller.dir/src/HybridForceTangentialController.cpp.o] ÈîôËØØ 1
[4.316s] gmake[1]: *** [CMakeFiles/Makefile2:734ÔºöCMakeFiles/hybridforcetangentialcontroller.dir/all] ÈîôËØØ 2
[4.317s] gmake[1]: *** Ê≠£Âú®Á≠âÂæÖÊú™ÂÆåÊàêÁöÑ‰ªªÂä°....
[4.339s] [35m[1mConsolidate compiler generated dependencies of target fr3_control_publish__rosidl_typesupport_fastrtps_c[0m
[4.339s] [35m[1mConsolidate compiler generated dependencies of target fr3_control_publish__rosidl_typesupport_introspection_c[0m
[4.345s] [35m[1mConsolidate compiler generated dependencies of target fr3_control_publish__rosidl_typesupport_c[0m
[4.345s] [35m[1mConsolidate compiler generated dependencies of target fr3_control_publish__rosidl_typesupport_fastrtps_cpp[0m
[4.347s] [35m[1mConsolidate compiler generated dependencies of target fr3_control_publish__rosidl_typesupport_cpp[0m
[4.347s] [35m[1mConsolidate compiler generated dependencies of target fr3_control_publish__rosidl_typesupport_introspection_cpp[0m
[4.388s] [ 30%] Built target fr3_control_publish__rosidl_typesupport_introspection_c
[4.394s] [ 37%] Built target fr3_control_publish__rosidl_typesupport_cpp
[4.397s] [ 44%] Built target fr3_control_publish__rosidl_typesupport_fastrtps_cpp
[4.400s] [ 51%] Built target fr3_control_publish__rosidl_typesupport_c
[4.401s] [ 58%] Built target fr3_control_publish__rosidl_typesupport_introspection_cpp
[4.408s] [ 65%] Built target fr3_control_publish__rosidl_typesupport_fastrtps_c
[4.915s] running egg_info
[4.966s] writing fr3_control_publish.egg-info/PKG-INFO
[4.967s] writing dependency_links to fr3_control_publish.egg-info/dependency_links.txt
[4.968s] writing top-level names to fr3_control_publish.egg-info/top_level.txt
[5.116s] reading manifest file 'fr3_control_publish.egg-info/SOURCES.txt'
[5.117s] writing manifest file 'fr3_control_publish.egg-info/SOURCES.txt'
[5.194s] [ 65%] Built target ament_cmake_python_build_fr3_control_publish_egg
[34.715s] [ 67%] [32m[1mLinking CXX executable tangential_velocity_controller[0m
[36.342s] [ 67%] Built target tangential_velocity_controller
[36.344s] gmake: *** [Makefile:146Ôºöall] ÈîôËØØ 2
[36.348s] Invoked command in '/home/mscrobotics2425laptop16/mujoco_ros_ws/build/fr3_control_publish' returned '2': CMAKE_PREFIX_PATH=${CMAKE_PREFIX_PATH}:/home/mscrobotics2425laptop16/interbotix_ws/install/interbotix_xs_modules:/home/mscrobotics2425laptop16/interbotix_ws/install/interbotix_perception_modules:/home/mscrobotics2425laptop16/interbotix_ws/install/interbotix_common_modules:/home/mscrobotics2425laptop16/interbotix_ws/install/control_pkg:/opt/ros/humble /usr/bin/cmake --build /home/mscrobotics2425laptop16/mujoco_ros_ws/build/fr3_control_publish -- -j12 -l12
