[0.048s] Invoking command in '/home/mscrobotics2425laptop16/mujoco_ros_ws/build/mujoco_ros2_control': CMAKE_PREFIX_PATH=${CMAKE_PREFIX_PATH}:/home/mscrobotics2425laptop16/interbotix_ws/install/interbotix_xs_modules:/home/mscrobotics2425laptop16/interbotix_ws/install/interbotix_perception_modules:/home/mscrobotics2425laptop16/interbotix_ws/install/interbotix_common_modules:/home/mscrobotics2425laptop16/interbotix_ws/install/control_pkg:/opt/ros/humble /usr/bin/cmake --build /home/mscrobotics2425laptop16/mujoco_ros_ws/build/mujoco_ros2_control -- -j12 -l12
[0.137s] [35m[1mConsolidate compiler generated dependencies of target mujoco_ros2_control[0m
[0.146s] [35m[1mConsolidate compiler generated dependencies of target mujoco_system_plugins[0m
[0.206s] [ 16%] [32mBuilding CXX object CMakeFiles/mujoco_system_plugins.dir/src/mujoco_system.cpp.o[0m
[0.221s] [ 83%] Built target mujoco_ros2_control
[2.899s] [01m[K/home/mscrobotics2425laptop16/mujoco_ros_ws/src/mujoco_ros2_control/mujoco_ros2_control/src/mujoco_system.cpp:[m[K In member function â€˜[01m[Kvirtual hardware_interface::return_type mujoco_ros2_control::MujocoSystem::write(const rclcpp::Time&, const rclcpp::Duration&)[m[Kâ€™:
[2.900s] [01m[K/home/mscrobotics2425laptop16/mujoco_ros_ws/src/mujoco_ros2_control/mujoco_ros2_control/src/mujoco_system.cpp:163:21:[m[K [01;31m[Kerror: [m[Kâ€˜[01m[Kstruct mujoco_ros2_control::MujocoSystem::JointState[m[Kâ€™ has no member named â€˜[01m[KKp[m[Kâ€™
[2.900s]   163 |     double tau = js.[01;31m[KKp[m[K * err_p + js.Kd * err_v;
[2.900s]       |                     [01;31m[K^~[m[K
[2.900s] [01m[K/home/mscrobotics2425laptop16/mujoco_ros_ws/src/mujoco_ros2_control/mujoco_ros2_control/src/mujoco_system.cpp:163:37:[m[K [01;31m[Kerror: [m[Kâ€˜[01m[Kstruct mujoco_ros2_control::MujocoSystem::JointState[m[Kâ€™ has no member named â€˜[01m[KKd[m[Kâ€™
[2.900s]   163 |     double tau = js.Kp * err_p + js.[01;31m[KKd[m[K * err_v;
[2.900s]       |                                     [01;31m[K^~[m[K
[2.900s] [01m[K/home/mscrobotics2425laptop16/mujoco_ros_ws/src/mujoco_ros2_control/mujoco_ros2_control/src/mujoco_system.cpp:141:28:[m[K [01;35m[Kwarning: [m[Kunused parameter â€˜[01m[Kperiod[m[Kâ€™ [[01;35m[K]8;;https://gcc.gnu.org/onlinedocs/gcc/Warning-Options.html#index-Wunused-parameter-Wunused-parameter]8;;[m[K]
[2.900s]   141 |   [01;35m[Kconst rclcpp::Duration & period[m[K)
[2.900s]       |   [01;35m[K~~~~~~~~~~~~~~~~~~~~~~~~~^~~~~~[m[K
[3.852s] gmake[2]: *** [CMakeFiles/mujoco_system_plugins.dir/build.make:76ï¼šCMakeFiles/mujoco_system_plugins.dir/src/mujoco_system.cpp.o] é”™è¯¯ 1
[3.852s] gmake[1]: *** [CMakeFiles/Makefile2:139ï¼šCMakeFiles/mujoco_system_plugins.dir/all] é”™è¯¯ 2
[3.852s] gmake: *** [Makefile:146ï¼šall] é”™è¯¯ 2
[3.855s] Invoked command in '/home/mscrobotics2425laptop16/mujoco_ros_ws/build/mujoco_ros2_control' returned '2': CMAKE_PREFIX_PATH=${CMAKE_PREFIX_PATH}:/home/mscrobotics2425laptop16/interbotix_ws/install/interbotix_xs_modules:/home/mscrobotics2425laptop16/interbotix_ws/install/interbotix_perception_modules:/home/mscrobotics2425laptop16/interbotix_ws/install/interbotix_common_modules:/home/mscrobotics2425laptop16/interbotix_ws/install/control_pkg:/opt/ros/humble /usr/bin/cmake --build /home/mscrobotics2425laptop16/mujoco_ros_ws/build/mujoco_ros2_control -- -j12 -l12
