[ 33%] Built target mujoco_system_plugins
[ 50%] [32mBuilding CXX object CMakeFiles/mujoco_ros2_control.dir/src/mujoco_ros2_control_node.cpp.o[0m
[01m[K/home/mscrobotics2425laptop16/mujoco_ros_ws/src/mujoco_ros2_control/mujoco_ros2_control/src/mujoco_ros2_control_node.cpp:[m[K In function â€˜[01m[Kint main(int, const char**)[m[Kâ€™:
[01m[K/home/mscrobotics2425laptop16/mujoco_ros_ws/src/mujoco_ros2_control/mujoco_ros2_control/src/mujoco_ros2_control_node.cpp:79:14:[m[K [01;31m[Kerror: [m[Kâ€˜[01m[Kclass mujoco_ros2_control::MujocoRendering[m[Kâ€™ has no member named â€˜[01m[Kvopt[m[Kâ€™
   79 |   rendering->[01;31m[Kvopt[m[K.flags[mujoco::mjtVisFlag::mjVIS_CONTACTPOINT] = 1;  // æ˜¾ç¤ºæ¥è§¦ç‚¹
      |              [01;31m[K^~~~[m[K
[01m[K/home/mscrobotics2425laptop16/mujoco_ros_ws/src/mujoco_ros2_control/mujoco_ros2_control/src/mujoco_ros2_control_node.cpp:79:25:[m[K [01;31m[Kerror: [m[Kâ€˜[01m[Kmujoco[m[Kâ€™ has not been declared
   79 |   rendering->vopt.flags[[01;31m[Kmujoco[m[K::mjtVisFlag::mjVIS_CONTACTPOINT] = 1;  // æ˜¾ç¤ºæ¥è§¦ç‚¹
      |                         [01;31m[K^~~~~~[m[K
[01m[K/home/mscrobotics2425laptop16/mujoco_ros_ws/src/mujoco_ros2_control/mujoco_ros2_control/src/mujoco_ros2_control_node.cpp:80:14:[m[K [01;31m[Kerror: [m[Kâ€˜[01m[Kclass mujoco_ros2_control::MujocoRendering[m[Kâ€™ has no member named â€˜[01m[Kvopt[m[Kâ€™
   80 |   rendering->[01;31m[Kvopt[m[K.flags[mujoco::mjtVisFlag::mjVIS_CONTACTFORCE] = 1;  // æ˜¾ç¤ºæ¥è§¦åŠ›å‘é‡
      |              [01;31m[K^~~~[m[K
[01m[K/home/mscrobotics2425laptop16/mujoco_ros_ws/src/mujoco_ros2_control/mujoco_ros2_control/src/mujoco_ros2_control_node.cpp:80:25:[m[K [01;31m[Kerror: [m[Kâ€˜[01m[Kmujoco[m[Kâ€™ has not been declared
   80 |   rendering->vopt.flags[[01;31m[Kmujoco[m[K::mjtVisFlag::mjVIS_CONTACTFORCE] = 1;  // æ˜¾ç¤ºæ¥è§¦åŠ›å‘é‡
      |                         [01;31m[K^~~~~~[m[K
[01m[K/home/mscrobotics2425laptop16/mujoco_ros_ws/src/mujoco_ros2_control/mujoco_ros2_control/src/mujoco_ros2_control_node.cpp:81:14:[m[K [01;31m[Kerror: [m[Kâ€˜[01m[Kclass mujoco_ros2_control::MujocoRendering[m[Kâ€™ has no member named â€˜[01m[Kvopt[m[Kâ€™
   81 |   rendering->[01;31m[Kvopt[m[K.contactwidth = 0.002;                             // å¯é€‰ï¼šè°ƒç²—å‘é‡çº¿å®½
      |              [01;31m[K^~~~[m[K
gmake[2]: *** [CMakeFiles/mujoco_ros2_control.dir/build.make:76ï¼šCMakeFiles/mujoco_ros2_control.dir/src/mujoco_ros2_control_node.cpp.o] é”™è¯¯ 1
gmake[1]: *** [CMakeFiles/Makefile2:165ï¼šCMakeFiles/mujoco_ros2_control.dir/all] é”™è¯¯ 2
gmake: *** [Makefile:146ï¼šall] é”™è¯¯ 2
