[0.027s] Invoking command in '/home/mscrobotics2425laptop16/mujoco_ros_ws/build/mujoco_ros2_control': CMAKE_PREFIX_PATH=${CMAKE_PREFIX_PATH}:/home/mscrobotics2425laptop16/interbotix_ws/install/interbotix_xs_modules:/home/mscrobotics2425laptop16/interbotix_ws/install/interbotix_perception_modules:/home/mscrobotics2425laptop16/interbotix_ws/install/interbotix_common_modules:/home/mscrobotics2425laptop16/interbotix_ws/install/control_pkg:/opt/ros/humble /usr/bin/cmake --build /home/mscrobotics2425laptop16/mujoco_ros_ws/build/mujoco_ros2_control -- -j12 -l12
[0.132s] [ 33%] Built target mujoco_system_plugins
[0.161s] [ 50%] [32mBuilding CXX object CMakeFiles/mujoco_ros2_control.dir/src/mujoco_ros2_control_node.cpp.o[0m
[3.102s] [01m[K/home/mscrobotics2425laptop16/mujoco_ros_ws/src/mujoco_ros2_control/mujoco_ros2_control/src/mujoco_ros2_control_node.cpp:[m[K In function ‘[01m[Kint main(int, const char**)[m[K’:
[3.102s] [01m[K/home/mscrobotics2425laptop16/mujoco_ros_ws/src/mujoco_ros2_control/mujoco_ros2_control/src/mujoco_ros2_control_node.cpp:79:14:[m[K [01;31m[Kerror: [m[K‘[01m[Kclass mujoco_ros2_control::MujocoRendering[m[K’ has no member named ‘[01m[Kvopt[m[K’
[3.102s]    79 |   rendering->[01;31m[Kvopt[m[K.flags[mujoco::mjtVisFlag::mjVIS_CONTACTPOINT] = 1;  // 显示接触点
[3.102s]       |              [01;31m[K^~~~[m[K
[3.102s] [01m[K/home/mscrobotics2425laptop16/mujoco_ros_ws/src/mujoco_ros2_control/mujoco_ros2_control/src/mujoco_ros2_control_node.cpp:79:25:[m[K [01;31m[Kerror: [m[K‘[01m[Kmujoco[m[K’ has not been declared
[3.102s]    79 |   rendering->vopt.flags[[01;31m[Kmujoco[m[K::mjtVisFlag::mjVIS_CONTACTPOINT] = 1;  // 显示接触点
[3.102s]       |                         [01;31m[K^~~~~~[m[K
[3.102s] [01m[K/home/mscrobotics2425laptop16/mujoco_ros_ws/src/mujoco_ros2_control/mujoco_ros2_control/src/mujoco_ros2_control_node.cpp:80:14:[m[K [01;31m[Kerror: [m[K‘[01m[Kclass mujoco_ros2_control::MujocoRendering[m[K’ has no member named ‘[01m[Kvopt[m[K’
[3.102s]    80 |   rendering->[01;31m[Kvopt[m[K.flags[mujoco::mjtVisFlag::mjVIS_CONTACTFORCE] = 1;  // 显示接触力向量
[3.102s]       |              [01;31m[K^~~~[m[K
[3.102s] [01m[K/home/mscrobotics2425laptop16/mujoco_ros_ws/src/mujoco_ros2_control/mujoco_ros2_control/src/mujoco_ros2_control_node.cpp:80:25:[m[K [01;31m[Kerror: [m[K‘[01m[Kmujoco[m[K’ has not been declared
[3.102s]    80 |   rendering->vopt.flags[[01;31m[Kmujoco[m[K::mjtVisFlag::mjVIS_CONTACTFORCE] = 1;  // 显示接触力向量
[3.102s]       |                         [01;31m[K^~~~~~[m[K
[3.103s] [01m[K/home/mscrobotics2425laptop16/mujoco_ros_ws/src/mujoco_ros2_control/mujoco_ros2_control/src/mujoco_ros2_control_node.cpp:81:14:[m[K [01;31m[Kerror: [m[K‘[01m[Kclass mujoco_ros2_control::MujocoRendering[m[K’ has no member named ‘[01m[Kvopt[m[K’
[3.103s]    81 |   rendering->[01;31m[Kvopt[m[K.contactwidth = 0.002;                             // 可选：调粗向量线宽
[3.103s]       |              [01;31m[K^~~~[m[K
[4.100s] gmake[2]: *** [CMakeFiles/mujoco_ros2_control.dir/build.make:76：CMakeFiles/mujoco_ros2_control.dir/src/mujoco_ros2_control_node.cpp.o] 错误 1
[4.101s] gmake[1]: *** [CMakeFiles/Makefile2:165：CMakeFiles/mujoco_ros2_control.dir/all] 错误 2
[4.101s] gmake: *** [Makefile:146：all] 错误 2
[4.103s] Invoked command in '/home/mscrobotics2425laptop16/mujoco_ros_ws/build/mujoco_ros2_control' returned '2': CMAKE_PREFIX_PATH=${CMAKE_PREFIX_PATH}:/home/mscrobotics2425laptop16/interbotix_ws/install/interbotix_xs_modules:/home/mscrobotics2425laptop16/interbotix_ws/install/interbotix_perception_modules:/home/mscrobotics2425laptop16/interbotix_ws/install/interbotix_common_modules:/home/mscrobotics2425laptop16/interbotix_ws/install/control_pkg:/opt/ros/humble /usr/bin/cmake --build /home/mscrobotics2425laptop16/mujoco_ros_ws/build/mujoco_ros2_control -- -j12 -l12
