[35m[1mConsolidate compiler generated dependencies of target hybridforcetangentialcontroller[0m
[  6%] Built target fr3_control_publish__rosidl_generator_c
[  9%] Built target fr3_control_publish__cpp
[ 13%] Built target fr3_monitor
[ 20%] Built target tangential_velocity_controller
[ 20%] [32mBuilding CXX object CMakeFiles/ee_pose_bridge.dir/src/ee_pose_bridge.cpp.o[0m
[ 20%] Built target ament_cmake_python_copy_fr3_control_publish
[ 25%] Built target hybridforcetangentialcontroller
[ 32%] Built target fr3_control_publish__rosidl_typesupport_fastrtps_c
[ 39%] Built target fr3_control_publish__rosidl_typesupport_cpp
[ 46%] Built target fr3_control_publish__rosidl_typesupport_c
[ 53%] Built target fr3_control_publish__rosidl_typesupport_introspection_cpp
[ 60%] Built target fr3_control_publish__rosidl_typesupport_introspection_c
[ 67%] Built target fr3_control_publish__rosidl_typesupport_fastrtps_cpp
[ 72%] Built target jacobian_publisher
[ 72%] Built target fr3_control_publish
[ 76%] Built target force_position_controller
[ 79%] Built target fr3_control_publish__py
[ 83%] Built target fr3_control_publish__rosidl_generator_py
[ 88%] Built target fr3_control_publish__rosidl_typesupport_c__pyext
[ 93%] Built target fr3_control_publish__rosidl_typesupport_introspection_c__pyext
[ 97%] Built target fr3_control_publish__rosidl_typesupport_fastrtps_c__pyext
[01m[K/home/mscrobotics2425laptop16/mujoco_ros_ws/src/fr3_control_publish/src/ee_pose_bridge.cpp:5:10:[m[K [01;31m[Kfatal error: [m[Ktf2_geometry_msgs/tf2_geometry_msgs.h: æ²¡æœ‰é‚£ä¸ªæ–‡ä»¶æˆ–ç›®å½•
    5 | #include [01;31m[K<tf2_geometry_msgs/tf2_geometry_msgs.h>[m[K
      |          [01;31m[K^~~~~~~~~~~~~~~~~~~~~~~~~~~~~~~~~~~~~~~[m[K
compilation terminated.
gmake[2]: *** [CMakeFiles/ee_pose_bridge.dir/build.make:76ï¼šCMakeFiles/ee_pose_bridge.dir/src/ee_pose_bridge.cpp.o] é”™è¯¯ 1
gmake[1]: *** [CMakeFiles/Makefile2:602ï¼šCMakeFiles/ee_pose_bridge.dir/all] é”™è¯¯ 2
gmake[1]: *** æ­£åœ¨ç­‰å¾…æœªå®Œæˆçš„ä»»åŠ¡....
running egg_info
writing fr3_control_publish.egg-info/PKG-INFO
writing dependency_links to fr3_control_publish.egg-info/dependency_links.txt
writing top-level names to fr3_control_publish.egg-info/top_level.txt
reading manifest file 'fr3_control_publish.egg-info/SOURCES.txt'
writing manifest file 'fr3_control_publish.egg-info/SOURCES.txt'
[ 97%] Built target ament_cmake_python_build_fr3_control_publish_egg
gmake: *** [Makefile:146ï¼šall] é”™è¯¯ 2
