[0.029s] Invoking command in '/home/mscrobotics2425laptop16/mujoco_ros_ws/build/fr3_control_publish': CMAKE_PREFIX_PATH=${CMAKE_PREFIX_PATH}:/home/mscrobotics2425laptop16/interbotix_ws/install/interbotix_xs_modules:/home/mscrobotics2425laptop16/interbotix_ws/install/interbotix_perception_modules:/home/mscrobotics2425laptop16/interbotix_ws/install/interbotix_common_modules:/home/mscrobotics2425laptop16/interbotix_ws/install/control_pkg:/opt/ros/humble /usr/bin/cmake --build /home/mscrobotics2425laptop16/mujoco_ros_ws/build/fr3_control_publish -- -j12 -l12
[0.097s] [35m[1mConsolidate compiler generated dependencies of target hybridforcetangentialcontroller[0m
[0.118s] [  4%] Built target ee_pose_bridge
[0.123s] [  6%] Built target fr3_control_publish__cpp
[0.128s] [ 11%] Built target mujoco_sim_node
[0.128s] [ 17%] Built target fr3_control_publish__rosidl_generator_c
[0.133s] [ 22%] Built target fr3_monitor
[0.151s] [ 22%] Built target ament_cmake_python_copy_fr3_control_publish
[0.156s] [ 26%] Built target tangential_velocity_controller
[0.174s] [ 28%] [32mBuilding CXX object CMakeFiles/hybridforcetangentialcontroller.dir/src/HybridForceTangentialController.cpp.o[0m
[0.199s] [ 35%] Built target fr3_control_publish__rosidl_typesupport_introspection_c
[0.200s] [ 44%] Built target fr3_control_publish__rosidl_typesupport_introspection_cpp
[0.200s] [ 55%] Built target fr3_control_publish__rosidl_typesupport_fastrtps_c
[0.200s] [ 60%] Built target fr3_control_publish__rosidl_typesupport_cpp
[0.202s] [ 62%] Built target fr3_control_publish__rosidl_typesupport_fastrtps_cpp
[0.221s] [ 68%] Built target fr3_control_publish__rosidl_typesupport_c
[0.299s] [ 73%] Built target jacobian_publisher
[0.299s] [ 77%] Built target force_position_controller
[0.299s] [ 77%] Built target fr3_control_publish
[0.310s] [ 80%] Built target fr3_control_publish__py
[0.379s] [ 84%] Built target fr3_control_publish__rosidl_generator_py
[0.427s] [ 88%] Built target fr3_control_publish__rosidl_typesupport_fastrtps_c__pyext
[0.430s] [ 93%] Built target fr3_control_publish__rosidl_typesupport_introspection_c__pyext
[0.434s] [ 97%] Built target fr3_control_publish__rosidl_typesupport_c__pyext
[0.690s] running egg_info
[0.730s] writing fr3_control_publish.egg-info/PKG-INFO
[0.734s] writing dependency_links to fr3_control_publish.egg-info/dependency_links.txt
[0.734s] writing top-level names to fr3_control_publish.egg-info/top_level.txt
[0.821s] reading manifest file 'fr3_control_publish.egg-info/SOURCES.txt'
[0.823s] writing manifest file 'fr3_control_publish.egg-info/SOURCES.txt'
[0.872s] [ 97%] Built target ament_cmake_python_build_fr3_control_publish_egg
[2.957s] [01m[K/home/mscrobotics2425laptop16/mujoco_ros_ws/src/fr3_control_publish/src/HybridForceTangentialController.cpp:[m[K In constructor ‚Äò[01m[KHybridForceTangentialController::HybridForceTangentialController()[m[K‚Äô:
[2.957s] [01m[K/home/mscrobotics2425laptop16/mujoco_ros_ws/src/fr3_control_publish/src/HybridForceTangentialController.cpp:124:57:[m[K [01;31m[Kerror: [m[Ka function-definition is not allowed here before ‚Äò[01m[K{[m[K‚Äô token
[2.957s]   124 |     void clampJointVel(Eigen::Matrix<double,7,1> &qdot) [01;31m[K{[m[K
[2.958s]       |                                                         [01;31m[K^[m[K
[2.979s] In file included from [01m[K/opt/ros/humble/include/rclcpp/rclcpp/logging.hpp:24[m[K,
[2.979s]                  from [01m[K/opt/ros/humble/include/rclcpp/rclcpp/client.hpp:40[m[K,
[2.979s]                  from [01m[K/opt/ros/humble/include/rclcpp/rclcpp/callback_group.hpp:24[m[K,
[2.979s]                  from [01m[K/opt/ros/humble/include/rclcpp/rclcpp/any_executable.hpp:20[m[K,
[2.979s]                  from [01m[K/opt/ros/humble/include/rclcpp/rclcpp/memory_strategy.hpp:25[m[K,
[2.979s]                  from [01m[K/opt/ros/humble/include/rclcpp/rclcpp/memory_strategies.hpp:18[m[K,
[2.979s]                  from [01m[K/opt/ros/humble/include/rclcpp/rclcpp/executor_options.hpp:20[m[K,
[2.979s]                  from [01m[K/opt/ros/humble/include/rclcpp/rclcpp/executor.hpp:37[m[K,
[2.980s]                  from [01m[K/opt/ros/humble/include/rclcpp/rclcpp/executors/multi_threaded_executor.hpp:25[m[K,
[2.980s]                  from [01m[K/opt/ros/humble/include/rclcpp/rclcpp/executors.hpp:21[m[K,
[2.980s]                  from [01m[K/opt/ros/humble/include/rclcpp/rclcpp/rclcpp.hpp:155[m[K,
[2.980s]                  from [01m[K/home/mscrobotics2425laptop16/mujoco_ros_ws/src/fr3_control_publish/src/HybridForceTangentialController.cpp:1[m[K:
[2.980s] [01m[K/home/mscrobotics2425laptop16/mujoco_ros_ws/src/fr3_control_publish/src/HybridForceTangentialController.cpp:[m[K In member function ‚Äò[01m[Kvoid HybridForceTangentialController::control_loop()[m[K‚Äô:
[2.980s] [01m[K/home/mscrobotics2425laptop16/mujoco_ros_ws/src/fr3_control_publish/src/HybridForceTangentialController.cpp:186:32:[m[K [01;35m[Kwarning: [m[Kformat ‚Äò[01m[K%u[m[K‚Äô expects argument of type ‚Äò[01m[Kunsigned int[m[K‚Äô, but argument 5 has type ‚Äò[01m[Ksize_t[m[K‚Äô {aka ‚Äò[01m[Klong unsigned int[m[K‚Äô} [[01;35m[K]8;;https://gcc.gnu.org/onlinedocs/gcc/Warning-Options.html#index-Wformat=-Wformat=]8;;[m[K]
[2.980s]   186 |     RCLCPP_DEBUG(get_logger(), [01;35m[K"[Loop %u] state=%d js=%d jac=%d wrench=%d pose=%d init=%d"[m[K,
[2.980s]       |                                [01;35m[K^~~~~~~~~~~~~~~~~~~~~~~~~~~~~~~~~~~~~~~~~~~~~~~~~~~~~~~~~~~[m[K
[2.980s]   187 |                   [32m[Kloop_count_[m[K, static_cast<int>(state_), have_js_, have_jacobian_, have_wrench_, have_pose_, initialized_);
[2.980s]       |                   [32m[K~~~~~~~~~~~[m[K   
[2.980s]       |                   [32m[K|[m[K
[2.980s]       |                   [32m[Ksize_t {aka long unsigned int}[m[K
[2.980s] [01m[K/home/mscrobotics2425laptop16/mujoco_ros_ws/src/fr3_control_publish/src/HybridForceTangentialController.cpp:186:40:[m[K [01;36m[Knote: [m[Kformat string is defined here
[2.981s]   186 |     RCLCPP_DEBUG(get_logger(), "[Loop [01;36m[K%u[m[K] state=%d js=%d jac=%d wrench=%d pose=%d init=%d",
[2.981s]       |                                       [01;36m[K~^[m[K
[2.981s]       |                                        [01;36m[K|[m[K
[2.981s]       |                                        [01;36m[Kunsigned int[m[K
[2.981s]       |                                       [32m[K%lu[m[K
[3.085s] [01m[K/home/mscrobotics2425laptop16/mujoco_ros_ws/src/fr3_control_publish/src/HybridForceTangentialController.cpp:322:5:[m[K [01;31m[Kerror: [m[K‚Äò[01m[KclampJointVel[m[K‚Äô was not declared in this scope
[3.085s]   322 |     [01;31m[KclampJointVel[m[K(qdot);
[3.085s]       |     [01;31m[K^~~~~~~~~~~~~[m[K
[3.130s] In file included from [01m[K/opt/ros/humble/include/rclcpp/rclcpp/logging.hpp:24[m[K,
[3.130s]                  from [01m[K/opt/ros/humble/include/rclcpp/rclcpp/client.hpp:40[m[K,
[3.130s]                  from [01m[K/opt/ros/humble/include/rclcpp/rclcpp/callback_group.hpp:24[m[K,
[3.130s]                  from [01m[K/opt/ros/humble/include/rclcpp/rclcpp/any_executable.hpp:20[m[K,
[3.130s]                  from [01m[K/opt/ros/humble/include/rclcpp/rclcpp/memory_strategy.hpp:25[m[K,
[3.130s]                  from [01m[K/opt/ros/humble/include/rclcpp/rclcpp/memory_strategies.hpp:18[m[K,
[3.130s]                  from [01m[K/opt/ros/humble/include/rclcpp/rclcpp/executor_options.hpp:20[m[K,
[3.131s]                  from [01m[K/opt/ros/humble/include/rclcpp/rclcpp/executor.hpp:37[m[K,
[3.131s]                  from [01m[K/opt/ros/humble/include/rclcpp/rclcpp/executors/multi_threaded_executor.hpp:25[m[K,
[3.131s]                  from [01m[K/opt/ros/humble/include/rclcpp/rclcpp/executors.hpp:21[m[K,
[3.131s]                  from [01m[K/opt/ros/humble/include/rclcpp/rclcpp/rclcpp.hpp:155[m[K,
[3.131s]                  from [01m[K/home/mscrobotics2425laptop16/mujoco_ros_ws/src/fr3_control_publish/src/HybridForceTangentialController.cpp:1[m[K:
[3.131s] [01m[K/home/mscrobotics2425laptop16/mujoco_ros_ws/src/fr3_control_publish/src/HybridForceTangentialController.cpp:386:33:[m[K [01;35m[Kwarning: [m[Kformat ‚Äò[01m[K%u[m[K‚Äô expects argument of type ‚Äò[01m[Kunsigned int[m[K‚Äô, but argument 5 has type ‚Äò[01m[Ksize_t[m[K‚Äô {aka ‚Äò[01m[Klong unsigned int[m[K‚Äô} [[01;35m[K]8;;https://gcc.gnu.org/onlinedocs/gcc/Warning-Options.html#index-Wformat=-Wformat=]8;;[m[K]
[3.131s]   386 |       RCLCPP_INFO(get_logger(), [01;35m[K"Êâ´ÊèèÂÆåÊàê, ÊÄªÂæ™ÁéØÊ¨°Êï∞=%u"[m[K, [32m[Kloop_count_[m[K);
[3.131s]       |                                 [01;35m[K^~~~~~~~~~~~~~~~~~~~~~~~~[m[K  [32m[K~~~~~~~~~~~[m[K
[3.131s]       |                                                            [32m[K|[m[K
[3.131s]       |                                                            [32m[Ksize_t {aka long unsigned int}[m[K
[3.131s] [01m[K/home/mscrobotics2425laptop16/mujoco_ros_ws/src/fr3_control_publish/src/HybridForceTangentialController.cpp:386:56:[m[K [01;36m[Knote: [m[Kformat string is defined here
[3.131s]   386 |       RCLCPP_INFO(get_logger(), "Êâ´ÊèèÂÆåÊàê, ÊÄªÂæ™ÁéØÊ¨°Êï∞=[01;36m[K%u[m[K", loop_count_);
[3.131s]       |                                                       [01;36m[K~^[m[K
[3.132s]       |                                                        [01;36m[K|[m[K
[3.132s]       |                                                        [01;36m[Kunsigned int[m[K
[3.132s]       |                                                       [32m[K%lu[m[K
[9.647s] gmake[2]: *** [CMakeFiles/hybridforcetangentialcontroller.dir/build.make:76ÔºöCMakeFiles/hybridforcetangentialcontroller.dir/src/HybridForceTangentialController.cpp.o] ÈîôËØØ 1
[9.647s] gmake[1]: *** [CMakeFiles/Makefile2:736ÔºöCMakeFiles/hybridforcetangentialcontroller.dir/all] ÈîôËØØ 2
[9.647s] gmake: *** [Makefile:146Ôºöall] ÈîôËØØ 2
[9.649s] Invoked command in '/home/mscrobotics2425laptop16/mujoco_ros_ws/build/fr3_control_publish' returned '2': CMAKE_PREFIX_PATH=${CMAKE_PREFIX_PATH}:/home/mscrobotics2425laptop16/interbotix_ws/install/interbotix_xs_modules:/home/mscrobotics2425laptop16/interbotix_ws/install/interbotix_perception_modules:/home/mscrobotics2425laptop16/interbotix_ws/install/interbotix_common_modules:/home/mscrobotics2425laptop16/interbotix_ws/install/control_pkg:/opt/ros/humble /usr/bin/cmake --build /home/mscrobotics2425laptop16/mujoco_ros_ws/build/fr3_control_publish -- -j12 -l12
