[0.025s] Invoking command in '/home/mscrobotics2425laptop16/mujoco_ros_ws/build/mujoco_ros2_control': CMAKE_PREFIX_PATH=${CMAKE_PREFIX_PATH}:/home/mscrobotics2425laptop16/interbotix_ws/install/interbotix_xs_modules:/home/mscrobotics2425laptop16/interbotix_ws/install/interbotix_perception_modules:/home/mscrobotics2425laptop16/interbotix_ws/install/interbotix_common_modules:/home/mscrobotics2425laptop16/interbotix_ws/install/control_pkg:/opt/ros/humble /usr/bin/cmake --build /home/mscrobotics2425laptop16/mujoco_ros_ws/build/mujoco_ros2_control -- -j12 -l12
[0.104s] [35m[1mConsolidate compiler generated dependencies of target mujoco_ros2_control[0m
[0.146s] [ 33%] Built target mujoco_system_plugins
[0.162s] [ 50%] [32mBuilding CXX object CMakeFiles/mujoco_ros2_control.dir/src/mujoco_ros2_control_node.cpp.o[0m
[3.465s] [01m[K/home/mscrobotics2425laptop16/mujoco_ros_ws/src/mujoco_ros2_control/mujoco_ros2_control/src/mujoco_ros2_control_node.cpp:[m[K In function â€˜[01m[Kint main(int, const char**)[m[Kâ€™:
[3.465s] [01m[K/home/mscrobotics2425laptop16/mujoco_ros_ws/src/mujoco_ros2_control/mujoco_ros2_control/src/mujoco_ros2_control_node.cpp:100:62:[m[K [01;31m[Kerror: [m[Kcannot convert â€˜[01m[KmjtNum[m[Kâ€™ {aka â€˜[01m[Kdouble[m[Kâ€™} to â€˜[01m[Kconst double*[m[Kâ€™ in initialization
[3.465s]   100 |       const double* touch = [01;31m[Kmujoco_data->sensordata[adr_touch][m[K;
[3.465s]       |                             [01;31m[K~~~~~~~~~~~~~~~~~~~~~~~~~~~~~~~~~^[m[K
[3.465s]       |                                                              [01;31m[K|[m[K
[3.465s]       |                                                              [01;31m[KmjtNum {aka double}[m[K
[3.472s] [01m[K/home/mscrobotics2425laptop16/mujoco_ros_ws/src/mujoco_ros2_control/mujoco_ros2_control/src/mujoco_ros2_control_node.cpp:109:7:[m[K [01;31m[Kerror: [m[Kâ€˜[01m[Ktouch_norm[m[Kâ€™ was not declared in this scope; did you mean â€˜[01m[Kmju_norm[m[Kâ€™?
[3.472s]   109 |       [01;31m[Ktouch_norm[m[K = std::max(touch_norm, current_norm);
[3.472s]       |       [01;31m[K^~~~~~~~~~[m[K
[3.472s]       |       [32m[Kmju_norm[m[K
[4.529s] gmake[2]: *** [CMakeFiles/mujoco_ros2_control.dir/build.make:76ï¼šCMakeFiles/mujoco_ros2_control.dir/src/mujoco_ros2_control_node.cpp.o] é”™è¯¯ 1
[4.529s] gmake[1]: *** [CMakeFiles/Makefile2:165ï¼šCMakeFiles/mujoco_ros2_control.dir/all] é”™è¯¯ 2
[4.529s] gmake: *** [Makefile:146ï¼šall] é”™è¯¯ 2
[4.532s] Invoked command in '/home/mscrobotics2425laptop16/mujoco_ros_ws/build/mujoco_ros2_control' returned '2': CMAKE_PREFIX_PATH=${CMAKE_PREFIX_PATH}:/home/mscrobotics2425laptop16/interbotix_ws/install/interbotix_xs_modules:/home/mscrobotics2425laptop16/interbotix_ws/install/interbotix_perception_modules:/home/mscrobotics2425laptop16/interbotix_ws/install/interbotix_common_modules:/home/mscrobotics2425laptop16/interbotix_ws/install/control_pkg:/opt/ros/humble /usr/bin/cmake --build /home/mscrobotics2425laptop16/mujoco_ros_ws/build/mujoco_ros2_control -- -j12 -l12
