[0.090s] Invoking command in '/home/mscrobotics2425laptop16/mujoco_ros_ws/build/mujoco_ros2_control': CMAKE_PREFIX_PATH=${CMAKE_PREFIX_PATH}:/home/mscrobotics2425laptop16/interbotix_ws/install/interbotix_xs_modules:/home/mscrobotics2425laptop16/interbotix_ws/install/interbotix_perception_modules:/home/mscrobotics2425laptop16/interbotix_ws/install/interbotix_common_modules:/home/mscrobotics2425laptop16/interbotix_ws/install/control_pkg:/opt/ros/humble /usr/bin/cmake --build /home/mscrobotics2425laptop16/mujoco_ros_ws/build/mujoco_ros2_control -- -j12 -l12
[0.260s] [35m[1mConsolidate compiler generated dependencies of target mujoco_ros2_control[0m
[0.330s] [ 33%] Built target mujoco_system_plugins
[0.433s] [ 50%] [32mBuilding CXX object CMakeFiles/mujoco_ros2_control.dir/src/mujoco_ros2_control_node.cpp.o[0m
[1.292s] [01m[K/home/mscrobotics2425laptop16/mujoco_ros_ws/src/mujoco_ros2_control/mujoco_ros2_control/src/mujoco_ros2_control_node.cpp:24:10:[m[K [01;31m[Kfatal error: [m[Kmujoco_ros2_control/mujoco_cameras.hpp: æ²¡æœ‰é‚£ä¸ªæ–‡ä»¶æˆ–ç›®å½•
[1.292s]    24 | #include [01;31m[K"mujoco_ros2_control/mujoco_cameras.hpp"[m[K
[1.293s]       |          [01;31m[K^~~~~~~~~~~~~~~~~~~~~~~~~~~~~~~~~~~~~~~~[m[K
[1.293s] compilation terminated.
[1.300s] gmake[2]: *** [CMakeFiles/mujoco_ros2_control.dir/build.make:76ï¼šCMakeFiles/mujoco_ros2_control.dir/src/mujoco_ros2_control_node.cpp.o] é”™è¯¯ 1
[1.301s] gmake[1]: *** [CMakeFiles/Makefile2:165ï¼šCMakeFiles/mujoco_ros2_control.dir/all] é”™è¯¯ 2
[1.303s] gmake: *** [Makefile:146ï¼šall] é”™è¯¯ 2
[1.314s] Invoked command in '/home/mscrobotics2425laptop16/mujoco_ros_ws/build/mujoco_ros2_control' returned '2': CMAKE_PREFIX_PATH=${CMAKE_PREFIX_PATH}:/home/mscrobotics2425laptop16/interbotix_ws/install/interbotix_xs_modules:/home/mscrobotics2425laptop16/interbotix_ws/install/interbotix_perception_modules:/home/mscrobotics2425laptop16/interbotix_ws/install/interbotix_common_modules:/home/mscrobotics2425laptop16/interbotix_ws/install/control_pkg:/opt/ros/humble /usr/bin/cmake --build /home/mscrobotics2425laptop16/mujoco_ros_ws/build/mujoco_ros2_control -- -j12 -l12
