[0.030s] Invoking command in '/home/mscrobotics2425laptop16/mujoco_ros_ws/build/mujoco_ros2_control': CMAKE_PREFIX_PATH=${CMAKE_PREFIX_PATH}:/home/mscrobotics2425laptop16/interbotix_ws/install/interbotix_xs_modules:/home/mscrobotics2425laptop16/interbotix_ws/install/interbotix_perception_modules:/home/mscrobotics2425laptop16/interbotix_ws/install/interbotix_common_modules:/home/mscrobotics2425laptop16/interbotix_ws/install/control_pkg:/opt/ros/humble /usr/bin/cmake --build /home/mscrobotics2425laptop16/mujoco_ros_ws/build/mujoco_ros2_control -- -j12 -l12
[0.124s] [35m[1mConsolidate compiler generated dependencies of target mujoco_system_plugins[0m
[0.197s] [ 66%] Built target mujoco_ros2_control
[0.214s] [ 83%] [32mBuilding CXX object CMakeFiles/mujoco_system_plugins.dir/src/mujoco_system.cpp.o[0m
[3.195s] [01m[K/home/mscrobotics2425laptop16/mujoco_ros_ws/src/mujoco_ros2_control/mujoco_ros2_control/src/mujoco_system.cpp:140:33:[m[K [01;31m[Kerror: [m[Kno declaration matches â€˜[01m[Khardware_interface::return_type mujoco_ros2_control::MujocoSystemInterface::write(const rclcpp::Time&, const rclcpp::Duration&)[m[Kâ€™
[3.195s]   140 | hardware_interface::return_type [01;31m[KMujocoSystemInterface[m[K::write(
[3.195s]       |                                 [01;31m[K^~~~~~~~~~~~~~~~~~~~~[m[K
[3.195s] [01m[K/home/mscrobotics2425laptop16/mujoco_ros_ws/src/mujoco_ros2_control/mujoco_ros2_control/src/mujoco_system.cpp:140:33:[m[K [01;36m[Knote: [m[Kno functions named â€˜[01m[Khardware_interface::return_type mujoco_ros2_control::MujocoSystemInterface::write(const rclcpp::Time&, const rclcpp::Duration&)[m[Kâ€™
[3.195s] In file included from [01m[K/home/mscrobotics2425laptop16/mujoco_ros_ws/src/mujoco_ros2_control/mujoco_ros2_control/include/mujoco_ros2_control/mujoco_system.hpp:31[m[K,
[3.196s]                  from [01m[K/home/mscrobotics2425laptop16/mujoco_ros_ws/src/mujoco_ros2_control/mujoco_ros2_control/src/mujoco_system.cpp:21[m[K:
[3.196s] [01m[K/home/mscrobotics2425laptop16/mujoco_ros_ws/src/mujoco_ros2_control/mujoco_ros2_control/include/mujoco_ros2_control/mujoco_system_interface.hpp:33:7:[m[K [01;36m[Knote: [m[Kâ€˜[01m[Kclass mujoco_ros2_control::MujocoSystemInterface[m[Kâ€™ defined here
[3.196s]    33 | class [01;36m[KMujocoSystemInterface[m[K : public hardware_interface::SystemInterface
[3.196s]       |       [01;36m[K^~~~~~~~~~~~~~~~~~~~~[m[K
[4.036s] gmake[2]: *** [CMakeFiles/mujoco_system_plugins.dir/build.make:76ï¼šCMakeFiles/mujoco_system_plugins.dir/src/mujoco_system.cpp.o] é”™è¯¯ 1
[4.037s] gmake[1]: *** [CMakeFiles/Makefile2:139ï¼šCMakeFiles/mujoco_system_plugins.dir/all] é”™è¯¯ 2
[4.038s] gmake: *** [Makefile:146ï¼šall] é”™è¯¯ 2
[4.041s] Invoked command in '/home/mscrobotics2425laptop16/mujoco_ros_ws/build/mujoco_ros2_control' returned '2': CMAKE_PREFIX_PATH=${CMAKE_PREFIX_PATH}:/home/mscrobotics2425laptop16/interbotix_ws/install/interbotix_xs_modules:/home/mscrobotics2425laptop16/interbotix_ws/install/interbotix_perception_modules:/home/mscrobotics2425laptop16/interbotix_ws/install/interbotix_common_modules:/home/mscrobotics2425laptop16/interbotix_ws/install/control_pkg:/opt/ros/humble /usr/bin/cmake --build /home/mscrobotics2425laptop16/mujoco_ros_ws/build/mujoco_ros2_control -- -j12 -l12
