[35m[1mConsolidate compiler generated dependencies of target hybridforcetangentialcontroller[0m
[  6%] Built target fr3_control_publish__rosidl_generator_c
[  9%] Built target fr3_control_publish__cpp
[ 13%] Built target simple_control_node
[ 18%] Built target fr3_monitor
[ 23%] Built target tangential_velocity_controller
[ 23%] Built target ament_cmake_python_copy_fr3_control_publish
[ 25%] [32mBuilding CXX object CMakeFiles/hybridforcetangentialcontroller.dir/src/HybridForceTangentialController.cpp.o[0m
[ 32%] Built target fr3_control_publish__rosidl_typesupport_fastrtps_cpp
[ 39%] Built target fr3_control_publish__rosidl_typesupport_introspection_c
[ 46%] Built target fr3_control_publish__rosidl_typesupport_fastrtps_c
[ 53%] Built target fr3_control_publish__rosidl_typesupport_introspection_cpp
[ 60%] Built target fr3_control_publish__rosidl_typesupport_c
[ 67%] Built target fr3_control_publish__rosidl_typesupport_cpp
[ 67%] Built target fr3_control_publish
[ 76%] Built target jacobian_publisher
[ 76%] Built target force_position_controller
[ 79%] Built target fr3_control_publish__py
[ 83%] Built target fr3_control_publish__rosidl_generator_py
[ 88%] Built target fr3_control_publish__rosidl_typesupport_c__pyext
[ 97%] Built target fr3_control_publish__rosidl_typesupport_introspection_c__pyext
[ 97%] Built target fr3_control_publish__rosidl_typesupport_fastrtps_c__pyext
running egg_info
writing fr3_control_publish.egg-info/PKG-INFO
writing dependency_links to fr3_control_publish.egg-info/dependency_links.txt
writing top-level names to fr3_control_publish.egg-info/top_level.txt
reading manifest file 'fr3_control_publish.egg-info/SOURCES.txt'
writing manifest file 'fr3_control_publish.egg-info/SOURCES.txt'
[ 97%] Built target ament_cmake_python_build_fr3_control_publish_egg
[01m[K/home/mscrobotics2425laptop16/mujoco_ros_ws/src/fr3_control_publish/src/HybridForceTangentialController.cpp:[m[K In constructor â€˜[01m[KHybridForceTangentialController::HybridForceTangentialController()[m[Kâ€™:
[01m[K/home/mscrobotics2425laptop16/mujoco_ros_ws/src/fr3_control_publish/src/HybridForceTangentialController.cpp:34:5:[m[K [01;31m[Kerror: [m[Kclass â€˜[01m[KHybridForceTangentialController[m[Kâ€™ does not have any field named â€˜[01m[Kstate_[m[Kâ€™
   34 |     [01;31m[Kstate_[m[K(ScanState::INIT_SCAN)
      |     [01;31m[K^~~~~~[m[K
[01m[K/home/mscrobotics2425laptop16/mujoco_ros_ws/src/fr3_control_publish/src/HybridForceTangentialController.cpp:68:44:[m[K [01;31m[Kerror: [m[Kâ€˜[01m[Kee_pose_topic_[m[Kâ€™ was not declared in this scope
   68 |     this->get_parameter("ee_pose_topic",   [01;31m[Kee_pose_topic_[m[K);
      |                                            [01;31m[K^~~~~~~~~~~~~~[m[K
[01m[K/home/mscrobotics2425laptop16/mujoco_ros_ws/src/fr3_control_publish/src/HybridForceTangentialController.cpp:[m[K In member function â€˜[01m[Kvoid HybridForceTangentialController::control_loop()[m[Kâ€™:
[01m[K/home/mscrobotics2425laptop16/mujoco_ros_ws/src/fr3_control_publish/src/HybridForceTangentialController.cpp:214:12:[m[K [01;31m[Kerror: [m[Kâ€˜[01m[Kstate_[m[Kâ€™ was not declared in this scope; did you mean â€˜[01m[Kstatic[m[Kâ€™?
  214 |     switch([01;31m[Kstate_[m[K) {
      |            [01;31m[K^~~~~~[m[K
      |            [32m[Kstatic[m[K
In file included from [01m[K/opt/ros/humble/include/rclcpp/rclcpp/client.hpp:40[m[K,
                 from [01m[K/opt/ros/humble/include/rclcpp/rclcpp/callback_group.hpp:24[m[K,
                 from [01m[K/opt/ros/humble/include/rclcpp/rclcpp/any_executable.hpp:20[m[K,
                 from [01m[K/opt/ros/humble/include/rclcpp/rclcpp/memory_strategy.hpp:25[m[K,
                 from [01m[K/opt/ros/humble/include/rclcpp/rclcpp/memory_strategies.hpp:18[m[K,
                 from [01m[K/opt/ros/humble/include/rclcpp/rclcpp/executor_options.hpp:20[m[K,
                 from [01m[K/opt/ros/humble/include/rclcpp/rclcpp/executor.hpp:37[m[K,
                 from [01m[K/opt/ros/humble/include/rclcpp/rclcpp/executors/multi_threaded_executor.hpp:25[m[K,
                 from [01m[K/opt/ros/humble/include/rclcpp/rclcpp/executors.hpp:21[m[K,
                 from [01m[K/opt/ros/humble/include/rclcpp/rclcpp/rclcpp.hpp:155[m[K,
                 from [01m[K/home/mscrobotics2425laptop16/mujoco_ros_ws/src/fr3_control_publish/src/HybridForceTangentialController.cpp:1[m[K:
[01m[K/home/mscrobotics2425laptop16/mujoco_ros_ws/src/fr3_control_publish/src/HybridForceTangentialController.cpp:284:65:[m[K [01;31m[Kerror: [m[Kâ€˜[01m[Kstate_[m[Kâ€™ was not declared in this scope; did you mean â€˜[01m[Kstatic[m[Kâ€™?
  284 |       "[Loop " << loop_count_ << "] state=" << static_cast<int>([01;31m[Kstate_[m[K)
      |                                                                 [01;31m[K^~~~~~[m[K
gmake[2]: *** [CMakeFiles/hybridforcetangentialcontroller.dir/build.make:76ï¼šCMakeFiles/hybridforcetangentialcontroller.dir/src/HybridForceTangentialController.cpp.o] é”™è¯¯ 1
gmake[1]: *** [CMakeFiles/Makefile2:734ï¼šCMakeFiles/hybridforcetangentialcontroller.dir/all] é”™è¯¯ 2
gmake: *** [Makefile:146ï¼šall] é”™è¯¯ 2
