[0.073s] Invoking command in '/home/mscrobotics2425laptop16/mujoco_ros_ws/build/fr3_control_publish': CMAKE_PREFIX_PATH=${CMAKE_PREFIX_PATH}:/home/mscrobotics2425laptop16/interbotix_ws/install/interbotix_xs_modules:/home/mscrobotics2425laptop16/interbotix_ws/install/interbotix_perception_modules:/home/mscrobotics2425laptop16/interbotix_ws/install/interbotix_common_modules:/home/mscrobotics2425laptop16/interbotix_ws/install/control_pkg:/opt/ros/humble /usr/bin/cmake --build /home/mscrobotics2425laptop16/mujoco_ros_ws/build/fr3_control_publish -- -j12 -l12
[0.268s] [35m[1mConsolidate compiler generated dependencies of target hybridforcetangentialcontroller[0m
[0.293s] [  6%] Built target fr3_control_publish__rosidl_generator_c
[0.308s] [  9%] Built target fr3_control_publish__cpp
[0.330s] [ 13%] Built target simple_control_node
[0.332s] [ 18%] Built target fr3_monitor
[0.372s] [ 23%] Built target tangential_velocity_controller
[0.375s] [ 23%] Built target ament_cmake_python_copy_fr3_control_publish
[0.399s] [ 25%] [32mBuilding CXX object CMakeFiles/hybridforcetangentialcontroller.dir/src/HybridForceTangentialController.cpp.o[0m
[0.482s] [ 32%] Built target fr3_control_publish__rosidl_typesupport_fastrtps_cpp
[0.493s] [ 39%] Built target fr3_control_publish__rosidl_typesupport_introspection_c
[0.496s] [ 46%] Built target fr3_control_publish__rosidl_typesupport_fastrtps_c
[0.497s] [ 53%] Built target fr3_control_publish__rosidl_typesupport_introspection_cpp
[0.507s] [ 60%] Built target fr3_control_publish__rosidl_typesupport_c
[0.517s] [ 67%] Built target fr3_control_publish__rosidl_typesupport_cpp
[0.632s] [ 67%] Built target fr3_control_publish
[0.657s] [ 76%] Built target jacobian_publisher
[0.657s] [ 76%] Built target force_position_controller
[0.713s] [ 79%] Built target fr3_control_publish__py
[0.802s] [ 83%] Built target fr3_control_publish__rosidl_generator_py
[0.890s] [ 88%] Built target fr3_control_publish__rosidl_typesupport_c__pyext
[0.899s] [ 97%] Built target fr3_control_publish__rosidl_typesupport_introspection_c__pyext
[0.899s] [ 97%] Built target fr3_control_publish__rosidl_typesupport_fastrtps_c__pyext
[1.318s] running egg_info
[1.384s] writing fr3_control_publish.egg-info/PKG-INFO
[1.385s] writing dependency_links to fr3_control_publish.egg-info/dependency_links.txt
[1.386s] writing top-level names to fr3_control_publish.egg-info/top_level.txt
[1.514s] reading manifest file 'fr3_control_publish.egg-info/SOURCES.txt'
[1.516s] writing manifest file 'fr3_control_publish.egg-info/SOURCES.txt'
[1.592s] [ 97%] Built target ament_cmake_python_build_fr3_control_publish_egg
[6.675s] [01m[K/home/mscrobotics2425laptop16/mujoco_ros_ws/src/fr3_control_publish/src/HybridForceTangentialController.cpp:[m[K In constructor â€˜[01m[KHybridForceTangentialController::HybridForceTangentialController()[m[Kâ€™:
[6.675s] [01m[K/home/mscrobotics2425laptop16/mujoco_ros_ws/src/fr3_control_publish/src/HybridForceTangentialController.cpp:34:5:[m[K [01;31m[Kerror: [m[Kclass â€˜[01m[KHybridForceTangentialController[m[Kâ€™ does not have any field named â€˜[01m[Kstate_[m[Kâ€™
[6.675s]    34 |     [01;31m[Kstate_[m[K(ScanState::INIT_SCAN)
[6.675s]       |     [01;31m[K^~~~~~[m[K
[6.712s] [01m[K/home/mscrobotics2425laptop16/mujoco_ros_ws/src/fr3_control_publish/src/HybridForceTangentialController.cpp:68:44:[m[K [01;31m[Kerror: [m[Kâ€˜[01m[Kee_pose_topic_[m[Kâ€™ was not declared in this scope
[6.712s]    68 |     this->get_parameter("ee_pose_topic",   [01;31m[Kee_pose_topic_[m[K);
[6.712s]       |                                            [01;31m[K^~~~~~~~~~~~~~[m[K
[7.091s] [01m[K/home/mscrobotics2425laptop16/mujoco_ros_ws/src/fr3_control_publish/src/HybridForceTangentialController.cpp:[m[K In member function â€˜[01m[Kvoid HybridForceTangentialController::control_loop()[m[Kâ€™:
[7.092s] [01m[K/home/mscrobotics2425laptop16/mujoco_ros_ws/src/fr3_control_publish/src/HybridForceTangentialController.cpp:214:12:[m[K [01;31m[Kerror: [m[Kâ€˜[01m[Kstate_[m[Kâ€™ was not declared in this scope; did you mean â€˜[01m[Kstatic[m[Kâ€™?
[7.092s]   214 |     switch([01;31m[Kstate_[m[K) {
[7.092s]       |            [01;31m[K^~~~~~[m[K
[7.092s]       |            [32m[Kstatic[m[K
[7.247s] In file included from [01m[K/opt/ros/humble/include/rclcpp/rclcpp/client.hpp:40[m[K,
[7.248s]                  from [01m[K/opt/ros/humble/include/rclcpp/rclcpp/callback_group.hpp:24[m[K,
[7.248s]                  from [01m[K/opt/ros/humble/include/rclcpp/rclcpp/any_executable.hpp:20[m[K,
[7.248s]                  from [01m[K/opt/ros/humble/include/rclcpp/rclcpp/memory_strategy.hpp:25[m[K,
[7.248s]                  from [01m[K/opt/ros/humble/include/rclcpp/rclcpp/memory_strategies.hpp:18[m[K,
[7.248s]                  from [01m[K/opt/ros/humble/include/rclcpp/rclcpp/executor_options.hpp:20[m[K,
[7.249s]                  from [01m[K/opt/ros/humble/include/rclcpp/rclcpp/executor.hpp:37[m[K,
[7.249s]                  from [01m[K/opt/ros/humble/include/rclcpp/rclcpp/executors/multi_threaded_executor.hpp:25[m[K,
[7.249s]                  from [01m[K/opt/ros/humble/include/rclcpp/rclcpp/executors.hpp:21[m[K,
[7.249s]                  from [01m[K/opt/ros/humble/include/rclcpp/rclcpp/rclcpp.hpp:155[m[K,
[7.249s]                  from [01m[K/home/mscrobotics2425laptop16/mujoco_ros_ws/src/fr3_control_publish/src/HybridForceTangentialController.cpp:1[m[K:
[7.249s] [01m[K/home/mscrobotics2425laptop16/mujoco_ros_ws/src/fr3_control_publish/src/HybridForceTangentialController.cpp:284:65:[m[K [01;31m[Kerror: [m[Kâ€˜[01m[Kstate_[m[Kâ€™ was not declared in this scope; did you mean â€˜[01m[Kstatic[m[Kâ€™?
[7.249s]   284 |       "[Loop " << loop_count_ << "] state=" << static_cast<int>([01;31m[Kstate_[m[K)
[7.249s]       |                                                                 [01;31m[K^~~~~~[m[K
[18.870s] gmake[2]: *** [CMakeFiles/hybridforcetangentialcontroller.dir/build.make:76ï¼šCMakeFiles/hybridforcetangentialcontroller.dir/src/HybridForceTangentialController.cpp.o] é”™è¯¯ 1
[18.870s] gmake[1]: *** [CMakeFiles/Makefile2:734ï¼šCMakeFiles/hybridforcetangentialcontroller.dir/all] é”™è¯¯ 2
[18.871s] gmake: *** [Makefile:146ï¼šall] é”™è¯¯ 2
[18.875s] Invoked command in '/home/mscrobotics2425laptop16/mujoco_ros_ws/build/fr3_control_publish' returned '2': CMAKE_PREFIX_PATH=${CMAKE_PREFIX_PATH}:/home/mscrobotics2425laptop16/interbotix_ws/install/interbotix_xs_modules:/home/mscrobotics2425laptop16/interbotix_ws/install/interbotix_perception_modules:/home/mscrobotics2425laptop16/interbotix_ws/install/interbotix_common_modules:/home/mscrobotics2425laptop16/interbotix_ws/install/control_pkg:/opt/ros/humble /usr/bin/cmake --build /home/mscrobotics2425laptop16/mujoco_ros_ws/build/fr3_control_publish -- -j12 -l12
