[0.067s] Invoking command in '/home/mscrobotics2425laptop16/mujoco_ros_ws/build/fr3_control_publish': CMAKE_PREFIX_PATH=${CMAKE_PREFIX_PATH}:/home/mscrobotics2425laptop16/interbotix_ws/install/interbotix_xs_modules:/home/mscrobotics2425laptop16/interbotix_ws/install/interbotix_perception_modules:/home/mscrobotics2425laptop16/interbotix_ws/install/interbotix_common_modules:/home/mscrobotics2425laptop16/interbotix_ws/install/control_pkg:/opt/ros/humble /usr/bin/cmake --build /home/mscrobotics2425laptop16/mujoco_ros_ws/build/fr3_control_publish -- -j12 -l12
[0.268s] [  6%] Built target fr3_control_publish__rosidl_generator_c
[0.300s] [ 11%] Built target simple_control_node
[0.318s] [ 16%] Built target tangential_velocity_controller
[0.325s] [ 18%] Built target fr3_control_publish__cpp
[0.338s] [ 20%] Built target ament_cmake_python_copy_fr3_control_publish
[0.338s] [ 20%] [32mBuilding CXX object CMakeFiles/hybridforcetangentialcontroller.dir/src/HybridForceTangentialController.cpp.o[0m
[0.383s] [ 25%] Built target fr3_monitor
[0.422s] [ 32%] Built target fr3_control_publish__rosidl_typesupport_introspection_c
[0.457s] [ 39%] Built target fr3_control_publish__rosidl_typesupport_fastrtps_c
[0.458s] [ 46%] Built target fr3_control_publish__rosidl_typesupport_c
[0.485s] [ 53%] Built target fr3_control_publish__rosidl_typesupport_introspection_cpp
[0.485s] [ 60%] Built target fr3_control_publish__rosidl_typesupport_fastrtps_cpp
[0.485s] [ 67%] Built target fr3_control_publish__rosidl_typesupport_cpp
[0.581s] [ 67%] Built target fr3_control_publish
[0.705s] [ 72%] Built target force_position_controller
[0.705s] [ 76%] Built target jacobian_publisher
[0.706s] [ 79%] Built target fr3_control_publish__py
[0.769s] [ 83%] Built target fr3_control_publish__rosidl_generator_py
[0.858s] [ 88%] Built target fr3_control_publish__rosidl_typesupport_fastrtps_c__pyext
[0.861s] [ 93%] Built target fr3_control_publish__rosidl_typesupport_introspection_c__pyext
[0.888s] [ 97%] Built target fr3_control_publish__rosidl_typesupport_c__pyext
[1.315s] running egg_info
[1.377s] writing fr3_control_publish.egg-info/PKG-INFO
[1.379s] writing dependency_links to fr3_control_publish.egg-info/dependency_links.txt
[1.381s] writing top-level names to fr3_control_publish.egg-info/top_level.txt
[1.566s] reading manifest file 'fr3_control_publish.egg-info/SOURCES.txt'
[1.570s] writing manifest file 'fr3_control_publish.egg-info/SOURCES.txt'
[1.719s] [ 97%] Built target ament_cmake_python_build_fr3_control_publish_egg
[7.061s] [01m[K/home/mscrobotics2425laptop16/mujoco_ros_ws/src/fr3_control_publish/src/HybridForceTangentialController.cpp:[m[K In constructor â€˜[01m[KHybridForceTangentialController::HybridForceTangentialController()[m[Kâ€™:
[7.061s] [01m[K/home/mscrobotics2425laptop16/mujoco_ros_ws/src/fr3_control_publish/src/HybridForceTangentialController.cpp:29:5:[m[K [01;31m[Kerror: [m[Kclass â€˜[01m[KHybridForceTangentialController[m[Kâ€™ does not have any field named â€˜[01m[Kstate_[m[Kâ€™
[7.061s]    29 |     [01;31m[Kstate_[m[K(ScanState::INIT_SCAN)
[7.061s]       |     [01;31m[K^~~~~~[m[K
[7.449s] [01m[K/home/mscrobotics2425laptop16/mujoco_ros_ws/src/fr3_control_publish/src/HybridForceTangentialController.cpp:[m[K In member function â€˜[01m[Kvoid HybridForceTangentialController::control_loop()[m[Kâ€™:
[7.449s] [01m[K/home/mscrobotics2425laptop16/mujoco_ros_ws/src/fr3_control_publish/src/HybridForceTangentialController.cpp:189:12:[m[K [01;31m[Kerror: [m[Kâ€˜[01m[Kstate_[m[Kâ€™ was not declared in this scope; did you mean â€˜[01m[Kstatic[m[Kâ€™?
[7.450s]   189 |     switch([01;31m[Kstate_[m[K) {
[7.450s]       |            [01;31m[K^~~~~~[m[K
[7.450s]       |            [32m[Kstatic[m[K
[7.626s] In file included from [01m[K/opt/ros/humble/include/rclcpp/rclcpp/client.hpp:40[m[K,
[7.626s]                  from [01m[K/opt/ros/humble/include/rclcpp/rclcpp/callback_group.hpp:24[m[K,
[7.627s]                  from [01m[K/opt/ros/humble/include/rclcpp/rclcpp/any_executable.hpp:20[m[K,
[7.627s]                  from [01m[K/opt/ros/humble/include/rclcpp/rclcpp/memory_strategy.hpp:25[m[K,
[7.627s]                  from [01m[K/opt/ros/humble/include/rclcpp/rclcpp/memory_strategies.hpp:18[m[K,
[7.627s]                  from [01m[K/opt/ros/humble/include/rclcpp/rclcpp/executor_options.hpp:20[m[K,
[7.627s]                  from [01m[K/opt/ros/humble/include/rclcpp/rclcpp/executor.hpp:37[m[K,
[7.627s]                  from [01m[K/opt/ros/humble/include/rclcpp/rclcpp/executors/multi_threaded_executor.hpp:25[m[K,
[7.628s]                  from [01m[K/opt/ros/humble/include/rclcpp/rclcpp/executors.hpp:21[m[K,
[7.628s]                  from [01m[K/opt/ros/humble/include/rclcpp/rclcpp/rclcpp.hpp:155[m[K,
[7.628s]                  from [01m[K/home/mscrobotics2425laptop16/mujoco_ros_ws/src/fr3_control_publish/src/HybridForceTangentialController.cpp:1[m[K:
[7.628s] [01m[K/home/mscrobotics2425laptop16/mujoco_ros_ws/src/fr3_control_publish/src/HybridForceTangentialController.cpp:261:47:[m[K [01;31m[Kerror: [m[Kâ€˜[01m[Kstate_[m[Kâ€™ was not declared in this scope; did you mean â€˜[01m[Kstatic[m[Kâ€™?
[7.628s]   261 |       "[Loop "<<loop_count_<<"] state="<<(int)[01;31m[Kstate_[m[K
[7.628s]       |                                               [01;31m[K^~~~~~[m[K
[8.259s] In file included from [01m[K/usr/include/eigen3/Eigen/Core:164[m[K,
[8.259s]                  from [01m[K/usr/include/eigen3/Eigen/Dense:1[m[K,
[8.260s]                  from [01m[K/home/mscrobotics2425laptop16/mujoco_ros_ws/src/fr3_control_publish/src/HybridForceTangentialController.cpp:6[m[K:
[8.260s] /usr/include/eigen3/Eigen/src/Core/CwiseBinaryOp.h: In instantiation of â€˜[01m[KEigen::CwiseBinaryOp<BinaryOp, Lhs, Rhs>::CwiseBinaryOp(const Lhs&, const Rhs&, const BinaryOp&) [with BinaryOp = Eigen::internal::scalar_difference_op<double, double>; LhsType = const Eigen::Matrix<double, 6, 1, 0, 6, 1>; RhsType = const Eigen::Matrix<double, 3, 1>; Eigen::CwiseBinaryOp<BinaryOp, Lhs, Rhs>::Lhs = Eigen::Matrix<double, 6, 1, 0, 6, 1>; Eigen::CwiseBinaryOp<BinaryOp, Lhs, Rhs>::Rhs = Eigen::Matrix<double, 3, 1>][m[Kâ€™:
[8.260s] [01m[K/usr/include/eigen3/Eigen/src/Core/../plugins/CommonCwiseBinaryOps.h:19:1:[m[K   required from â€˜[01m[Kconst Eigen::CwiseBinaryOp<Eigen::internal::scalar_difference_op<typename Eigen::internal::traits<T>::Scalar, typename Eigen::internal::traits<OtherDerived>::Scalar>, const Derived, const OtherDerived> Eigen::MatrixBase<Derived>::operator-(const Eigen::MatrixBase<OtherDerived>&) const [with OtherDerived = Eigen::Matrix<double, 3, 1>; Derived = Eigen::Matrix<double, 6, 1, 0, 6, 1>; typename Eigen::internal::traits<OtherDerived>::Scalar = double; typename Eigen::internal::traits<T>::Scalar = double][m[Kâ€™
[8.260s] [01m[K/home/mscrobotics2425laptop16/mujoco_ros_ws/src/fr3_control_publish/src/HybridForceTangentialController.cpp:181:51:[m[K   required from here
[8.260s] [01m[K/usr/include/eigen3/Eigen/src/Core/util/StaticAssert.h:177:5:[m[K [01;31m[Kerror: [m[Kstatic assertion failed: YOU_MIXED_MATRICES_OF_DIFFERENT_SIZES
[8.260s]   175 |      [01;31m[K( \[m[K
[8.260s]       |      [01;31m[K~~~[m[K
[8.260s]   176 | [01;31m[K        (int(Eigen::internal::size_of_xpr_at_compile_time<TYPE0>::ret)==0 && int(Eigen::internal::size_of_xpr_at_compile_time<TYPE1>::ret)==0) \[m[K
[8.260s]       |         [01;31m[K~~~~~~~~~~~~~~~~~~~~~~~~~~~~~~~~~~~~~~~~~~~~~~~~~~~~~~~~~~~~~~~~~~~~~~~~~~~~~~~~~~~~~~~~~~~~~~~~~~~~~~~~~~~~~~~~~~~~~~~~~~~~~~~~~~~~~~~~[m[K
[8.260s]   177 | [01;31m[K    || (\[m[K
[8.260s]       |     [01;31m[K^~~~~[m[K
[8.260s]   178 | [01;31m[K          (int(TYPE0::RowsAtCompileTime)==Eigen::Dynamic \[m[K
[8.260s]       |           [01;31m[K~~~~~~~~~~~~~~~~~~~~~~~~~~~~~~~~~~~~~~~~~~~~~~~~[m[K
[8.260s]   179 | [01;31m[K        || int(TYPE1::RowsAtCompileTime)==Eigen::Dynamic \[m[K
[8.260s]       |         [01;31m[K~~~~~~~~~~~~~~~~~~~~~~~~~~~~~~~~~~~~~~~~~~~~~~~~~~[m[K
[8.261s]   180 | [01;31m[K        || int(TYPE0::RowsAtCompileTime)==int(TYPE1::RowsAtCompileTime)) \[m[K
[8.261s]       |         [01;31m[K~~~~~~~~~~~~~~~~~~~~~~~~~~~~~~~~~~~~~~~~~~~~~~~~~~~~~~~~~~~~~~~~~~[m[K
[8.261s]   181 | [01;31m[K      &&  (int(TYPE0::ColsAtCompileTime)==Eigen::Dynamic \[m[K
[8.261s]       |       [01;31m[K~~~~~~~~~~~~~~~~~~~~~~~~~~~~~~~~~~~~~~~~~~~~~~~~~~~~[m[K
[8.261s]   182 | [01;31m[K        || int(TYPE1::ColsAtCompileTime)==Eigen::Dynamic \[m[K
[8.261s]       |         [01;31m[K~~~~~~~~~~~~~~~~~~~~~~~~~~~~~~~~~~~~~~~~~~~~~~~~~~[m[K
[8.261s]   183 | [01;31m[K        || int(TYPE0::ColsAtCompileTime)==int(TYPE1::ColsAtCompileTime))\[m[K
[8.261s]       |         [01;31m[K~~~~~~~~~~~~~~~~~~~~~~~~~~~~~~~~~~~~~~~~~~~~~~~~~~~~~~~~~~~~~~~~~[m[K
[8.261s]   184 | [01;31m[K       ) \[m[K
[8.261s]       |        [01;31m[K~~~[m[K
[8.261s]   185 | [01;31m[K     )[m[K
[8.261s]       |      [01;31m[K~[m[K
[8.261s] [01m[K/usr/include/eigen3/Eigen/src/Core/util/StaticAssert.h:33:54:[m[K [01;36m[Knote: [m[Kin definition of macro â€˜[01m[KEIGEN_STATIC_ASSERT[m[Kâ€™
[8.261s]    33 |     #define EIGEN_STATIC_ASSERT(X,MSG) static_assert([01;36m[KX[m[K,#MSG);
[8.261s]       |                                                      [01;36m[K^[m[K
[8.261s] [01m[K/usr/include/eigen3/Eigen/src/Core/util/StaticAssert.h:194:6:[m[K [01;36m[Knote: [m[Kin expansion of macro â€˜[01m[KEIGEN_PREDICATE_SAME_MATRIX_SIZE[m[Kâ€™
[8.262s]   194 |      [01;36m[KEIGEN_PREDICATE_SAME_MATRIX_SIZE[m[K(TYPE0,TYPE1),\
[8.262s]       |      [01;36m[K^~~~~~~~~~~~~~~~~~~~~~~~~~~~~~~~[m[K
[8.262s] [01m[K/usr/include/eigen3/Eigen/src/Core/CwiseBinaryOp.h:115:7:[m[K [01;36m[Knote: [m[Kin expansion of macro â€˜[01m[KEIGEN_STATIC_ASSERT_SAME_MATRIX_SIZE[m[Kâ€™
[8.262s]   115 |       [01;36m[KEIGEN_STATIC_ASSERT_SAME_MATRIX_SIZE[m[K(Lhs, Rhs)
[8.262s]       |       [01;36m[K^~~~~~~~~~~~~~~~~~~~~~~~~~~~~~~~~~~~[m[K
[8.262s] [01m[K/usr/include/eigen3/Eigen/src/Core/util/StaticAssert.h:177:5:[m[K [01;36m[Knote: [m[Kâ€˜[01m[K(((((int)Eigen::internal::size_of_xpr_at_compile_time<Eigen::Matrix<double, 6, 1, 0, 6, 1> >::ret) == 0) && (((int)Eigen::internal::size_of_xpr_at_compile_time<Eigen::Matrix<double, 3, 1> >::ret) == 0)) || ((((((int)Eigen::Matrix<double, 6, 1, 0, 6, 1>::RowsAtCompileTime) == ((int)Eigen::Dynamic)) || (((int)Eigen::Matrix<double, 3, 1>::RowsAtCompileTime) == ((int)Eigen::Dynamic))) || (((int)Eigen::Matrix<double, 6, 1, 0, 6, 1>::RowsAtCompileTime) == ((int)Eigen::Matrix<double, 3, 1>::RowsAtCompileTime))) && (((((int)Eigen::Matrix<double, 6, 1, 0, 6, 1>::ColsAtCompileTime) == ((int)Eigen::Dynamic)) || (((int)Eigen::Matrix<double, 3, 1>::ColsAtCompileTime) == ((int)Eigen::Dynamic))) || (((int)Eigen::Matrix<double, 6, 1, 0, 6, 1>::ColsAtCompileTime) == ((int)Eigen::Matrix<double, 3, 1>::ColsAtCompileTime)))))[m[Kâ€™ evaluates to false
[8.262s]   175 |      [01;36m[K( \[m[K
[8.262s]       |      [01;36m[K~~~[m[K
[8.262s]   176 | [01;36m[K        (int(Eigen::internal::size_of_xpr_at_compile_time<TYPE0>::ret)==0 && int(Eigen::internal::size_of_xpr_at_compile_time<TYPE1>::ret)==0) \[m[K
[8.262s]       |         [01;36m[K~~~~~~~~~~~~~~~~~~~~~~~~~~~~~~~~~~~~~~~~~~~~~~~~~~~~~~~~~~~~~~~~~~~~~~~~~~~~~~~~~~~~~~~~~~~~~~~~~~~~~~~~~~~~~~~~~~~~~~~~~~~~~~~~~~~~~~~~[m[K
[8.262s]   177 | [01;36m[K    || (\[m[K
[8.262s]       |     [01;36m[K^~~~~[m[K
[8.262s]   178 | [01;36m[K          (int(TYPE0::RowsAtCompileTime)==Eigen::Dynamic \[m[K
[8.262s]       |           [01;36m[K~~~~~~~~~~~~~~~~~~~~~~~~~~~~~~~~~~~~~~~~~~~~~~~~[m[K
[8.262s]   179 | [01;36m[K        || int(TYPE1::RowsAtCompileTime)==Eigen::Dynamic \[m[K
[8.262s]       |         [01;36m[K~~~~~~~~~~~~~~~~~~~~~~~~~~~~~~~~~~~~~~~~~~~~~~~~~~[m[K
[8.262s]   180 | [01;36m[K        || int(TYPE0::RowsAtCompileTime)==int(TYPE1::RowsAtCompileTime)) \[m[K
[8.263s]       |         [01;36m[K~~~~~~~~~~~~~~~~~~~~~~~~~~~~~~~~~~~~~~~~~~~~~~~~~~~~~~~~~~~~~~~~~~[m[K
[8.263s]   181 | [01;36m[K      &&  (int(TYPE0::ColsAtCompileTime)==Eigen::Dynamic \[m[K
[8.263s]       |       [01;36m[K~~~~~~~~~~~~~~~~~~~~~~~~~~~~~~~~~~~~~~~~~~~~~~~~~~~~[m[K
[8.263s]   182 | [01;36m[K        || int(TYPE1::ColsAtCompileTime)==Eigen::Dynamic \[m[K
[8.263s]       |         [01;36m[K~~~~~~~~~~~~~~~~~~~~~~~~~~~~~~~~~~~~~~~~~~~~~~~~~~[m[K
[8.263s]   183 | [01;36m[K        || int(TYPE0::ColsAtCompileTime)==int(TYPE1::ColsAtCompileTime))\[m[K
[8.263s]       |         [01;36m[K~~~~~~~~~~~~~~~~~~~~~~~~~~~~~~~~~~~~~~~~~~~~~~~~~~~~~~~~~~~~~~~~~[m[K
[8.263s]   184 | [01;36m[K       ) \[m[K
[8.263s]       |        [01;36m[K~~~[m[K
[8.263s]   185 | [01;36m[K     )[m[K
[8.263s]       |      [01;36m[K~[m[K
[8.263s] [01m[K/usr/include/eigen3/Eigen/src/Core/util/StaticAssert.h:33:54:[m[K [01;36m[Knote: [m[Kin definition of macro â€˜[01m[KEIGEN_STATIC_ASSERT[m[Kâ€™
[8.263s]    33 |     #define EIGEN_STATIC_ASSERT(X,MSG) static_assert([01;36m[KX[m[K,#MSG);
[8.263s]       |                                                      [01;36m[K^[m[K
[8.263s] [01m[K/usr/include/eigen3/Eigen/src/Core/util/StaticAssert.h:194:6:[m[K [01;36m[Knote: [m[Kin expansion of macro â€˜[01m[KEIGEN_PREDICATE_SAME_MATRIX_SIZE[m[Kâ€™
[8.263s]   194 |      [01;36m[KEIGEN_PREDICATE_SAME_MATRIX_SIZE[m[K(TYPE0,TYPE1),\
[8.264s]       |      [01;36m[K^~~~~~~~~~~~~~~~~~~~~~~~~~~~~~~~[m[K
[8.264s] [01m[K/usr/include/eigen3/Eigen/src/Core/CwiseBinaryOp.h:115:7:[m[K [01;36m[Knote: [m[Kin expansion of macro â€˜[01m[KEIGEN_STATIC_ASSERT_SAME_MATRIX_SIZE[m[Kâ€™
[8.264s]   115 |       [01;36m[KEIGEN_STATIC_ASSERT_SAME_MATRIX_SIZE[m[K(Lhs, Rhs)
[8.264s]       |       [01;36m[K^~~~~~~~~~~~~~~~~~~~~~~~~~~~~~~~~~~~[m[K
[21.830s] gmake[2]: *** [CMakeFiles/hybridforcetangentialcontroller.dir/build.make:76ï¼šCMakeFiles/hybridforcetangentialcontroller.dir/src/HybridForceTangentialController.cpp.o] é”™è¯¯ 1
[21.831s] gmake[1]: *** [CMakeFiles/Makefile2:734ï¼šCMakeFiles/hybridforcetangentialcontroller.dir/all] é”™è¯¯ 2
[21.831s] gmake: *** [Makefile:146ï¼šall] é”™è¯¯ 2
[21.835s] Invoked command in '/home/mscrobotics2425laptop16/mujoco_ros_ws/build/fr3_control_publish' returned '2': CMAKE_PREFIX_PATH=${CMAKE_PREFIX_PATH}:/home/mscrobotics2425laptop16/interbotix_ws/install/interbotix_xs_modules:/home/mscrobotics2425laptop16/interbotix_ws/install/interbotix_perception_modules:/home/mscrobotics2425laptop16/interbotix_ws/install/interbotix_common_modules:/home/mscrobotics2425laptop16/interbotix_ws/install/control_pkg:/opt/ros/humble /usr/bin/cmake --build /home/mscrobotics2425laptop16/mujoco_ros_ws/build/fr3_control_publish -- -j12 -l12
