[0.028s] Invoking command in '/home/mscrobotics2425laptop16/mujoco_ros_ws/build/mujoco_ros2_control': CMAKE_PREFIX_PATH=${CMAKE_PREFIX_PATH}:/home/mscrobotics2425laptop16/interbotix_ws/install/interbotix_xs_modules:/home/mscrobotics2425laptop16/interbotix_ws/install/interbotix_perception_modules:/home/mscrobotics2425laptop16/interbotix_ws/install/interbotix_common_modules:/home/mscrobotics2425laptop16/interbotix_ws/install/control_pkg:/opt/ros/humble /usr/bin/cmake --build /home/mscrobotics2425laptop16/mujoco_ros_ws/build/mujoco_ros2_control -- -j12 -l12
[0.154s] [ 16%] [32mBuilding CXX object CMakeFiles/mujoco_system_plugins.dir/src/mujoco_system.cpp.o[0m
[0.180s] [ 83%] Built target mujoco_ros2_control
[3.318s] [01m[K/home/mscrobotics2425laptop16/mujoco_ros_ws/src/mujoco_ros2_control/mujoco_ros2_control/src/mujoco_system.cpp:[m[K In member function â€˜[01m[Kvirtual hardware_interface::return_type mujoco_ros2_control::MujocoSystem::write(const rclcpp::Time&, const rclcpp::Duration&)[m[Kâ€™:
[3.318s] [01m[K/home/mscrobotics2425laptop16/mujoco_ros_ws/src/mujoco_ros2_control/mujoco_ros2_control/src/mujoco_system.cpp:161:23:[m[K [01;31m[Kerror: [m[Kâ€˜[01m[Kstruct mujoco_ros2_control::MujocoSystem::JointState[m[Kâ€™ has no member named â€˜[01m[Kactuator_adr[m[Kâ€™
[3.318s]   161 |     mj_data_->ctrl[js.[01;31m[Kactuator_adr[m[K] = tau;
[3.318s]       |                       [01;31m[K^~~~~~~~~~~~[m[K
[3.318s] In file included from [01m[K/opt/ros/humble/include/rclcpp/rclcpp/logging.hpp:24[m[K,
[3.318s]                  from [01m[K/opt/ros/humble/include/rclcpp/rclcpp/client.hpp:40[m[K,
[3.318s]                  from [01m[K/opt/ros/humble/include/rclcpp/rclcpp/callback_group.hpp:24[m[K,
[3.318s]                  from [01m[K/opt/ros/humble/include/rclcpp/rclcpp/any_executable.hpp:20[m[K,
[3.318s]                  from [01m[K/opt/ros/humble/include/rclcpp/rclcpp/memory_strategy.hpp:25[m[K,
[3.319s]                  from [01m[K/opt/ros/humble/include/rclcpp/rclcpp/memory_strategies.hpp:18[m[K,
[3.319s]                  from [01m[K/opt/ros/humble/include/rclcpp/rclcpp/executor_options.hpp:20[m[K,
[3.319s]                  from [01m[K/opt/ros/humble/include/rclcpp/rclcpp/executor.hpp:37[m[K,
[3.319s]                  from [01m[K/opt/ros/humble/include/rclcpp/rclcpp/executors/multi_threaded_executor.hpp:25[m[K,
[3.319s]                  from [01m[K/opt/ros/humble/include/rclcpp/rclcpp/executors.hpp:21[m[K,
[3.319s]                  from [01m[K/opt/ros/humble/include/rclcpp/rclcpp/rclcpp.hpp:155[m[K,
[3.319s]                  from [01m[K/home/mscrobotics2425laptop16/mujoco_ros_ws/src/mujoco_ros2_control/mujoco_ros2_control/include/mujoco_ros2_control/mujoco_system_interface.hpp:26[m[K,
[3.319s]                  from [01m[K/home/mscrobotics2425laptop16/mujoco_ros_ws/src/mujoco_ros2_control/mujoco_ros2_control/include/mujoco_ros2_control/mujoco_system.hpp:31[m[K,
[3.319s]                  from [01m[K/home/mscrobotics2425laptop16/mujoco_ros_ws/src/mujoco_ros2_control/mujoco_ros2_control/src/mujoco_system.cpp:21[m[K:
[3.319s] [01m[K/home/mscrobotics2425laptop16/mujoco_ros_ws/src/mujoco_ros2_control/mujoco_ros2_control/src/mujoco_system.cpp:164:27:[m[K [01;31m[Kerror: [m[Kâ€˜[01m[Kstruct mujoco_ros2_control::MujocoSystem::JointState[m[Kâ€™ has no member named â€˜[01m[Kactuator_adr[m[Kâ€™
[3.319s]   164 |       js.name.c_str(), js.[01;31m[Kactuator_adr[m[K, tau);
[3.319s]       |                           [01;31m[K^~~~~~~~~~~~[m[K
[3.319s] [01m[K/home/mscrobotics2425laptop16/mujoco_ros_ws/src/mujoco_ros2_control/mujoco_ros2_control/src/mujoco_system.cpp:153:12:[m[K [01;35m[Kwarning: [m[Kunused variable â€˜[01m[Kdq[m[Kâ€™ [[01;35m[K]8;;https://gcc.gnu.org/onlinedocs/gcc/Warning-Options.html#index-Wunused-variable-Wunused-variable]8;;[m[K]
[3.319s]   153 |     double [01;35m[Kdq[m[K  = mj_data_->qvel[js.mj_vel_adr];
[3.320s]       |            [01;35m[K^~[m[K
[3.320s] [01m[K/home/mscrobotics2425laptop16/mujoco_ros_ws/src/mujoco_ros2_control/mujoco_ros2_control/src/mujoco_system.cpp:144:10:[m[K [01;35m[Kwarning: [m[Kunused variable â€˜[01m[Kdt[m[Kâ€™ [[01;35m[K]8;;https://gcc.gnu.org/onlinedocs/gcc/Warning-Options.html#index-Wunused-variable-Wunused-variable]8;;[m[K]
[3.320s]   144 |   double [01;35m[Kdt[m[K = period.nanoseconds() * 1e-9;
[3.320s]       |          [01;35m[K^~[m[K
[4.105s] gmake[2]: *** [CMakeFiles/mujoco_system_plugins.dir/build.make:76ï¼šCMakeFiles/mujoco_system_plugins.dir/src/mujoco_system.cpp.o] é”™è¯¯ 1
[4.105s] gmake[1]: *** [CMakeFiles/Makefile2:139ï¼šCMakeFiles/mujoco_system_plugins.dir/all] é”™è¯¯ 2
[4.105s] gmake: *** [Makefile:146ï¼šall] é”™è¯¯ 2
[4.108s] Invoked command in '/home/mscrobotics2425laptop16/mujoco_ros_ws/build/mujoco_ros2_control' returned '2': CMAKE_PREFIX_PATH=${CMAKE_PREFIX_PATH}:/home/mscrobotics2425laptop16/interbotix_ws/install/interbotix_xs_modules:/home/mscrobotics2425laptop16/interbotix_ws/install/interbotix_perception_modules:/home/mscrobotics2425laptop16/interbotix_ws/install/interbotix_common_modules:/home/mscrobotics2425laptop16/interbotix_ws/install/control_pkg:/opt/ros/humble /usr/bin/cmake --build /home/mscrobotics2425laptop16/mujoco_ros_ws/build/mujoco_ros2_control -- -j12 -l12
