[0.064s] Invoking command in '/home/mscrobotics2425laptop16/mujoco_ros_ws/build/fr3_control_publish': CMAKE_PREFIX_PATH=${CMAKE_PREFIX_PATH}:/home/mscrobotics2425laptop16/interbotix_ws/install/interbotix_xs_modules:/home/mscrobotics2425laptop16/interbotix_ws/install/interbotix_perception_modules:/home/mscrobotics2425laptop16/interbotix_ws/install/interbotix_common_modules:/home/mscrobotics2425laptop16/interbotix_ws/install/control_pkg:/opt/ros/humble /usr/bin/cmake --build /home/mscrobotics2425laptop16/mujoco_ros_ws/build/fr3_control_publish -- -j12 -l12
[0.262s] [35m[1mConsolidate compiler generated dependencies of target hybridforcetangentialcontroller[0m
[0.285s] [  6%] Built target fr3_control_publish__rosidl_generator_c
[0.307s] [  9%] Built target fr3_control_publish__cpp
[0.321s] [ 13%] Built target ee_pose_bridge
[0.342s] [ 18%] Built target tangential_velocity_controller
[0.354s] [ 18%] Built target ament_cmake_python_copy_fr3_control_publish
[0.373s] [ 23%] Built target fr3_monitor
[0.426s] [ 25%] [32mBuilding CXX object CMakeFiles/hybridforcetangentialcontroller.dir/src/HybridForceTangentialController.cpp.o[0m
[0.441s] [ 32%] Built target fr3_control_publish__rosidl_typesupport_fastrtps_c
[0.471s] [ 41%] Built target fr3_control_publish__rosidl_typesupport_introspection_c
[0.471s] [ 46%] Built target fr3_control_publish__rosidl_typesupport_cpp
[0.487s] [ 53%] Built target fr3_control_publish__rosidl_typesupport_c
[0.511s] [ 60%] Built target fr3_control_publish__rosidl_typesupport_fastrtps_cpp
[0.517s] [ 67%] Built target fr3_control_publish__rosidl_typesupport_introspection_cpp
[0.589s] [ 72%] Built target jacobian_publisher
[0.598s] [ 72%] Built target fr3_control_publish
[0.601s] [ 76%] Built target force_position_controller
[0.696s] [ 79%] Built target fr3_control_publish__py
[0.784s] [ 83%] Built target fr3_control_publish__rosidl_generator_py
[0.877s] [ 88%] Built target fr3_control_publish__rosidl_typesupport_fastrtps_c__pyext
[0.901s] [ 93%] Built target fr3_control_publish__rosidl_typesupport_c__pyext
[0.913s] [ 97%] Built target fr3_control_publish__rosidl_typesupport_introspection_c__pyext
[1.292s] running egg_info
[1.373s] writing fr3_control_publish.egg-info/PKG-INFO
[1.377s] writing dependency_links to fr3_control_publish.egg-info/dependency_links.txt
[1.377s] writing top-level names to fr3_control_publish.egg-info/top_level.txt
[1.622s] reading manifest file 'fr3_control_publish.egg-info/SOURCES.txt'
[1.627s] writing manifest file 'fr3_control_publish.egg-info/SOURCES.txt'
[1.735s] [ 97%] Built target ament_cmake_python_build_fr3_control_publish_egg
[7.760s] In file included from [01m[K/opt/ros/humble/include/rclcpp/rclcpp/logging.hpp:24[m[K,
[7.760s]                  from [01m[K/opt/ros/humble/include/rclcpp/rclcpp/client.hpp:40[m[K,
[7.760s]                  from [01m[K/opt/ros/humble/include/rclcpp/rclcpp/callback_group.hpp:24[m[K,
[7.760s]                  from [01m[K/opt/ros/humble/include/rclcpp/rclcpp/any_executable.hpp:20[m[K,
[7.761s]                  from [01m[K/opt/ros/humble/include/rclcpp/rclcpp/memory_strategy.hpp:25[m[K,
[7.761s]                  from [01m[K/opt/ros/humble/include/rclcpp/rclcpp/memory_strategies.hpp:18[m[K,
[7.761s]                  from [01m[K/opt/ros/humble/include/rclcpp/rclcpp/executor_options.hpp:20[m[K,
[7.761s]                  from [01m[K/opt/ros/humble/include/rclcpp/rclcpp/executor.hpp:37[m[K,
[7.761s]                  from [01m[K/opt/ros/humble/include/rclcpp/rclcpp/executors/multi_threaded_executor.hpp:25[m[K,
[7.761s]                  from [01m[K/opt/ros/humble/include/rclcpp/rclcpp/executors.hpp:21[m[K,
[7.761s]                  from [01m[K/opt/ros/humble/include/rclcpp/rclcpp/rclcpp.hpp:155[m[K,
[7.761s]                  from [01m[K/home/mscrobotics2425laptop16/mujoco_ros_ws/src/fr3_control_publish/src/HybridForceTangentialController.cpp:1[m[K:
[7.762s] [01m[K/home/mscrobotics2425laptop16/mujoco_ros_ws/src/fr3_control_publish/src/HybridForceTangentialController.cpp:[m[K In member function ‚Äò[01m[Kvoid HybridForceTangentialController::on_jac(std_msgs::msg::Float64MultiArray_<std::allocator<void> >::SharedPtr)[m[K‚Äô:
[7.762s] [01m[K/home/mscrobotics2425laptop16/mujoco_ros_ws/src/fr3_control_publish/src/HybridForceTangentialController.cpp:141:33:[m[K [01;35m[Kwarning: [m[Kformat ‚Äò[01m[K%zu[m[K‚Äô expects argument of type ‚Äò[01m[Ksize_t[m[K‚Äô, but argument 5 has type ‚Äò[01m[Kstd_msgs::msg::MultiArrayDimension_<std::allocator<void> >::_size_type[m[K‚Äô {aka ‚Äò[01m[Kunsigned int[m[K‚Äô} [[01;35m[K]8;;https://gcc.gnu.org/onlinedocs/gcc/Warning-Options.html#index-Wformat=-Wformat=]8;;[m[K]
[7.762s]   141 |       RCLCPP_WARN(get_logger(), [01;35m[K"Êî∂Âà∞ÈîôËØØÁª¥Â∫¶ÁöÑÈõÖÂèØÊØî: [%zu, %zu]"[m[K,
[7.762s]       |                                 [01;35m[K^~~~~~~~~~~~~~~~~~~~~~~~~~~~~~~~~~[m[K
[7.762s] [01m[K/home/mscrobotics2425laptop16/mujoco_ros_ws/src/fr3_control_publish/src/HybridForceTangentialController.cpp:141:59:[m[K [01;36m[Knote: [m[Kformat string is defined here
[7.762s]   141 |       RCLCPP_WARN(get_logger(), "Êî∂Âà∞ÈîôËØØÁª¥Â∫¶ÁöÑÈõÖÂèØÊØî: [[01;36m[K%zu[m[K, %zu]",
[7.762s]       |                                                         [01;36m[K~~^[m[K
[7.763s]       |                                                           [01;36m[K|[m[K
[7.763s]       |                                                           [01;36m[Klong unsigned int[m[K
[7.763s]       |                                                         [32m[K%u[m[K
[7.763s] In file included from [01m[K/opt/ros/humble/include/rclcpp/rclcpp/logging.hpp:24[m[K,
[7.763s]                  from [01m[K/opt/ros/humble/include/rclcpp/rclcpp/client.hpp:40[m[K,
[7.763s]                  from [01m[K/opt/ros/humble/include/rclcpp/rclcpp/callback_group.hpp:24[m[K,
[7.763s]                  from [01m[K/opt/ros/humble/include/rclcpp/rclcpp/any_executable.hpp:20[m[K,
[7.763s]                  from [01m[K/opt/ros/humble/include/rclcpp/rclcpp/memory_strategy.hpp:25[m[K,
[7.764s]                  from [01m[K/opt/ros/humble/include/rclcpp/rclcpp/memory_strategies.hpp:18[m[K,
[7.764s]                  from [01m[K/opt/ros/humble/include/rclcpp/rclcpp/executor_options.hpp:20[m[K,
[7.764s]                  from [01m[K/opt/ros/humble/include/rclcpp/rclcpp/executor.hpp:37[m[K,
[7.764s]                  from [01m[K/opt/ros/humble/include/rclcpp/rclcpp/executors/multi_threaded_executor.hpp:25[m[K,
[7.764s]                  from [01m[K/opt/ros/humble/include/rclcpp/rclcpp/executors.hpp:21[m[K,
[7.764s]                  from [01m[K/opt/ros/humble/include/rclcpp/rclcpp/rclcpp.hpp:155[m[K,
[7.764s]                  from [01m[K/home/mscrobotics2425laptop16/mujoco_ros_ws/src/fr3_control_publish/src/HybridForceTangentialController.cpp:1[m[K:
[7.765s] [01m[K/home/mscrobotics2425laptop16/mujoco_ros_ws/src/fr3_control_publish/src/HybridForceTangentialController.cpp:141:33:[m[K [01;35m[Kwarning: [m[Kformat ‚Äò[01m[K%zu[m[K‚Äô expects argument of type ‚Äò[01m[Ksize_t[m[K‚Äô, but argument 6 has type ‚Äò[01m[Kstd_msgs::msg::MultiArrayDimension_<std::allocator<void> >::_size_type[m[K‚Äô {aka ‚Äò[01m[Kunsigned int[m[K‚Äô} [[01;35m[K]8;;https://gcc.gnu.org/onlinedocs/gcc/Warning-Options.html#index-Wformat=-Wformat=]8;;[m[K]
[7.765s]   141 |       RCLCPP_WARN(get_logger(), [01;35m[K"Êî∂Âà∞ÈîôËØØÁª¥Â∫¶ÁöÑÈõÖÂèØÊØî: [%zu, %zu]"[m[K,
[7.765s]       |                                 [01;35m[K^~~~~~~~~~~~~~~~~~~~~~~~~~~~~~~~~~[m[K
[7.765s] [01m[K/home/mscrobotics2425laptop16/mujoco_ros_ws/src/fr3_control_publish/src/HybridForceTangentialController.cpp:141:64:[m[K [01;36m[Knote: [m[Kformat string is defined here
[7.765s]   141 |       RCLCPP_WARN(get_logger(), "Êî∂Âà∞ÈîôËØØÁª¥Â∫¶ÁöÑÈõÖÂèØÊØî: [%zu, [01;36m[K%zu[m[K]",
[7.765s]       |                                                              [01;36m[K~~^[m[K
[7.765s]       |                                                                [01;36m[K|[m[K
[7.766s]       |                                                                [01;36m[Klong unsigned int[m[K
[7.766s]       |                                                              [32m[K%u[m[K
[8.261s] [01m[K/home/mscrobotics2425laptop16/mujoco_ros_ws/src/fr3_control_publish/src/HybridForceTangentialController.cpp:[m[K In member function ‚Äò[01m[Kvoid HybridForceTangentialController::compute_admittance()[m[K‚Äô:
[8.261s] [01m[K/home/mscrobotics2425laptop16/mujoco_ros_ws/src/fr3_control_publish/src/HybridForceTangentialController.cpp:311:5:[m[K [01;31m[Kerror: [m[Kexpected ‚Äò[01m[K,[m[K‚Äô or ‚Äò[01m[K;[m[K‚Äô before ‚Äò[01m[Klambda_[m[K‚Äô
[8.261s]   311 |     [01;31m[Klambda_[m[K*lambda_*Eigen::Matrix<double,6,6>::Identity();
[8.262s]       |     [01;31m[K^~~~~~~[m[K
[23.492s] gmake[2]: *** [CMakeFiles/hybridforcetangentialcontroller.dir/build.make:76ÔºöCMakeFiles/hybridforcetangentialcontroller.dir/src/HybridForceTangentialController.cpp.o] ÈîôËØØ 1
[23.493s] gmake[1]: *** [CMakeFiles/Makefile2:734ÔºöCMakeFiles/hybridforcetangentialcontroller.dir/all] ÈîôËØØ 2
[23.493s] gmake: *** [Makefile:146Ôºöall] ÈîôËØØ 2
[23.500s] Invoked command in '/home/mscrobotics2425laptop16/mujoco_ros_ws/build/fr3_control_publish' returned '2': CMAKE_PREFIX_PATH=${CMAKE_PREFIX_PATH}:/home/mscrobotics2425laptop16/interbotix_ws/install/interbotix_xs_modules:/home/mscrobotics2425laptop16/interbotix_ws/install/interbotix_perception_modules:/home/mscrobotics2425laptop16/interbotix_ws/install/interbotix_common_modules:/home/mscrobotics2425laptop16/interbotix_ws/install/control_pkg:/opt/ros/humble /usr/bin/cmake --build /home/mscrobotics2425laptop16/mujoco_ros_ws/build/fr3_control_publish -- -j12 -l12
