[35m[1mConsolidate compiler generated dependencies of target mujoco_ros2_control[0m
[ 33%] Built target mujoco_system_plugins
[ 50%] [32mBuilding CXX object CMakeFiles/mujoco_ros2_control.dir/src/mujoco_ros2_control_node.cpp.o[0m
[01m[K/home/mscrobotics2425laptop16/mujoco_ros_ws/src/mujoco_ros2_control/mujoco_ros2_control/src/mujoco_ros2_control_node.cpp:[m[K In function â€˜[01m[Kvoid process_contacts(rclcpp::Node::SharedPtr, mjModel*, mjData*)[m[Kâ€™:
[01m[K/home/mscrobotics2425laptop16/mujoco_ros_ws/src/mujoco_ros2_control/mujoco_ros2_control/src/mujoco_ros2_control_node.cpp:74:13:[m[K [01;31m[Kerror: [m[Kâ€˜[01m[Kmju_rotVecMat[m[Kâ€™ was not declared in this scope; did you mean â€˜[01m[Kmju_rotVecQuat[m[Kâ€™?
   74 |             [01;31m[Kmju_rotVecMat[m[K(force_world, contact_force, con->frame); // ä»ŽæŽ¥è§¦å¸§æ—‹è½¬åˆ°ä¸–ç•Œå¸§
      |             [01;31m[K^~~~~~~~~~~~~[m[K
      |             [32m[Kmju_rotVecQuat[m[K
gmake[2]: *** [CMakeFiles/mujoco_ros2_control.dir/build.make:76ï¼šCMakeFiles/mujoco_ros2_control.dir/src/mujoco_ros2_control_node.cpp.o] é”™è¯¯ 1
gmake[1]: *** [CMakeFiles/Makefile2:165ï¼šCMakeFiles/mujoco_ros2_control.dir/all] é”™è¯¯ 2
gmake: *** [Makefile:146ï¼šall] é”™è¯¯ 2
