[0.077s] Invoking command in '/home/mscrobotics2425laptop16/mujoco_ros_ws/build/mujoco_ros2_control': CMAKE_PREFIX_PATH=${CMAKE_PREFIX_PATH}:/home/mscrobotics2425laptop16/interbotix_ws/install/interbotix_xs_modules:/home/mscrobotics2425laptop16/interbotix_ws/install/interbotix_perception_modules:/home/mscrobotics2425laptop16/interbotix_ws/install/interbotix_common_modules:/home/mscrobotics2425laptop16/interbotix_ws/install/control_pkg:/opt/ros/humble /usr/bin/cmake --build /home/mscrobotics2425laptop16/mujoco_ros_ws/build/mujoco_ros2_control -- -j12 -l12
[0.253s] [35m[1mConsolidate compiler generated dependencies of target mujoco_ros2_control[0m
[0.323s] [ 33%] Built target mujoco_system_plugins
[0.444s] [ 50%] [32mBuilding CXX object CMakeFiles/mujoco_ros2_control.dir/src/mujoco_ros2_control_node.cpp.o[0m
[9.988s] [01m[K/home/mscrobotics2425laptop16/mujoco_ros_ws/src/mujoco_ros2_control/mujoco_ros2_control/src/mujoco_ros2_control_node.cpp:[m[K In function â€˜[01m[Kvoid process_contacts(rclcpp::Node::SharedPtr, mjModel*, mjData*)[m[Kâ€™:
[9.989s] [01m[K/home/mscrobotics2425laptop16/mujoco_ros_ws/src/mujoco_ros2_control/mujoco_ros2_control/src/mujoco_ros2_control_node.cpp:74:13:[m[K [01;31m[Kerror: [m[Kâ€˜[01m[Kmju_rotVecMat[m[Kâ€™ was not declared in this scope; did you mean â€˜[01m[Kmju_rotVecQuat[m[Kâ€™?
[9.989s]    74 |             [01;31m[Kmju_rotVecMat[m[K(force_world, contact_force, con->frame); // ä»ŽæŽ¥è§¦å¸§æ—‹è½¬åˆ°ä¸–ç•Œå¸§
[9.989s]       |             [01;31m[K^~~~~~~~~~~~~[m[K
[9.989s]       |             [32m[Kmju_rotVecQuat[m[K
[11.975s] gmake[2]: *** [CMakeFiles/mujoco_ros2_control.dir/build.make:76ï¼šCMakeFiles/mujoco_ros2_control.dir/src/mujoco_ros2_control_node.cpp.o] é”™è¯¯ 1
[11.976s] gmake[1]: *** [CMakeFiles/Makefile2:165ï¼šCMakeFiles/mujoco_ros2_control.dir/all] é”™è¯¯ 2
[11.976s] gmake: *** [Makefile:146ï¼šall] é”™è¯¯ 2
[11.982s] Invoked command in '/home/mscrobotics2425laptop16/mujoco_ros_ws/build/mujoco_ros2_control' returned '2': CMAKE_PREFIX_PATH=${CMAKE_PREFIX_PATH}:/home/mscrobotics2425laptop16/interbotix_ws/install/interbotix_xs_modules:/home/mscrobotics2425laptop16/interbotix_ws/install/interbotix_perception_modules:/home/mscrobotics2425laptop16/interbotix_ws/install/interbotix_common_modules:/home/mscrobotics2425laptop16/interbotix_ws/install/control_pkg:/opt/ros/humble /usr/bin/cmake --build /home/mscrobotics2425laptop16/mujoco_ros_ws/build/mujoco_ros2_control -- -j12 -l12
