-- Found ament_cmake: 1.3.11 (/opt/ros/humble/share/ament_cmake/cmake)
-- Found rosidl_default_generators: 1.2.0 (/opt/ros/humble/share/rosidl_default_generators/cmake)
-- Using all available rosidl_typesupport_c: rosidl_typesupport_fastrtps_c;rosidl_typesupport_introspection_c
-- Found rosidl_adapter: 3.1.6 (/opt/ros/humble/share/rosidl_adapter/cmake)
-- Using all available rosidl_typesupport_cpp: rosidl_typesupport_fastrtps_cpp;rosidl_typesupport_introspection_cpp
-- Found rclcpp: 16.0.11 (/opt/ros/humble/share/rclcpp/cmake)
-- Found rmw_implementation_cmake: 6.1.2 (/opt/ros/humble/share/rmw_implementation_cmake/cmake)
-- Found rmw_fastrtps_cpp: 6.2.7 (/opt/ros/humble/share/rmw_fastrtps_cpp/cmake)
-- Using RMW implementation 'rmw_fastrtps_cpp' as default
-- Found trajectory_msgs: 4.2.4 (/opt/ros/humble/share/trajectory_msgs/cmake)
-- Found control_msgs: 4.8.0 (/opt/ros/humble/share/control_msgs/cmake)
-- Found diagnostic_msgs: 4.2.4 (/opt/ros/humble/share/diagnostic_msgs/cmake)
-- Found tf2_ros: 0.25.12 (/opt/ros/humble/share/tf2_ros/cmake)
-- Found ament_cmake_ros: 0.10.0 (/opt/ros/humble/share/ament_cmake_ros/cmake)
-- Using all available rosidl_typesupport_c: rosidl_typesupport_fastrtps_c;rosidl_typesupport_introspection_c
-- Using all available rosidl_typesupport_cpp: rosidl_typesupport_fastrtps_cpp;rosidl_typesupport_introspection_cpp
-- Found python_cmake_module: 0.10.0 (/opt/ros/humble/share/python_cmake_module/cmake)
-- Using PYTHON_EXECUTABLE: /usr/bin/python3
-- Using PYTHON_INCLUDE_DIRS: /usr/include/python3.10
-- Using PYTHON_LIBRARIES: /usr/lib/x86_64-linux-gnu/libpython3.10.so
-- Found ament_lint_auto: 0.12.11 (/opt/ros/humble/share/ament_lint_auto/cmake)
-- Configuring done
-- Generating done
-- Build files have been written to: /home/mscrobotics2425laptop16/mujoco_ros_ws/build/fr3_control_publish
[35m[1mConsolidate compiler generated dependencies of target fr3_monitor[0m
[35m[1mConsolidate compiler generated dependencies of target fr3_control_publish__rosidl_generator_c[0m
[35m[1mConsolidate compiler generated dependencies of target tangential_velocity_controller[0m
[35m[1mConsolidate compiler generated dependencies of target hybridforcetangentialcontroller[0m
[35m[1mConsolidate compiler generated dependencies of target ee_pose_bridge[0m
[  2%] [32mBuilding CXX object CMakeFiles/mujoco_sim_node.dir/src/mujoco_sim_node.cpp.o[0m
[  4%] Built target fr3_control_publish__cpp
[ 11%] Built target fr3_control_publish__rosidl_generator_c
[ 15%] Built target fr3_monitor
[ 15%] Built target ament_cmake_python_copy_fr3_control_publish
[ 20%] Built target hybridforcetangentialcontroller
[35m[1mConsolidate compiler generated dependencies of target fr3_control_publish__rosidl_typesupport_fastrtps_c[0m
[35m[1mConsolidate compiler generated dependencies of target fr3_control_publish__rosidl_typesupport_cpp[0m
[35m[1mConsolidate compiler generated dependencies of target fr3_control_publish__rosidl_typesupport_introspection_cpp[0m
[35m[1mConsolidate compiler generated dependencies of target fr3_control_publish__rosidl_typesupport_fastrtps_cpp[0m
[ 24%] Built target ee_pose_bridge
[ 28%] Built target tangential_velocity_controller
[35m[1mConsolidate compiler generated dependencies of target fr3_control_publish__rosidl_typesupport_introspection_c[0m
[35m[1mConsolidate compiler generated dependencies of target fr3_control_publish__rosidl_typesupport_c[0m
[ 35%] Built target fr3_control_publish__rosidl_typesupport_fastrtps_c
[ 48%] Built target fr3_control_publish__rosidl_typesupport_cpp
[ 48%] Built target fr3_control_publish__rosidl_typesupport_introspection_cpp
[ 62%] Built target fr3_control_publish__rosidl_typesupport_fastrtps_cpp
[ 62%] Built target fr3_control_publish__rosidl_typesupport_introspection_c
[ 68%] Built target fr3_control_publish__rosidl_typesupport_c
[35m[1mConsolidate compiler generated dependencies of target jacobian_publisher[0m
[35m[1mConsolidate compiler generated dependencies of target force_position_controller[0m
[ 68%] Built target fr3_control_publish
[ 73%] Built target jacobian_publisher
[ 77%] Built target force_position_controller
[ 80%] Built target fr3_control_publish__py
[35m[1mConsolidate compiler generated dependencies of target fr3_control_publish__rosidl_generator_py[0m
[ 84%] Built target fr3_control_publish__rosidl_generator_py
[35m[1mConsolidate compiler generated dependencies of target fr3_control_publish__rosidl_typesupport_introspection_c__pyext[0m
[35m[1mConsolidate compiler generated dependencies of target fr3_control_publish__rosidl_typesupport_c__pyext[0m
[35m[1mConsolidate compiler generated dependencies of target fr3_control_publish__rosidl_typesupport_fastrtps_c__pyext[0m
[ 93%] Built target fr3_control_publish__rosidl_typesupport_introspection_c__pyext
[ 93%] Built target fr3_control_publish__rosidl_typesupport_c__pyext
[ 97%] Built target fr3_control_publish__rosidl_typesupport_fastrtps_c__pyext
running egg_info
writing fr3_control_publish.egg-info/PKG-INFO
writing dependency_links to fr3_control_publish.egg-info/dependency_links.txt
writing top-level names to fr3_control_publish.egg-info/top_level.txt
reading manifest file 'fr3_control_publish.egg-info/SOURCES.txt'
writing manifest file 'fr3_control_publish.egg-info/SOURCES.txt'
[ 97%] Built target ament_cmake_python_build_fr3_control_publish_egg
gmake[2]: *** [CMakeFiles/mujoco_sim_node.dir/build.make:76: CMakeFiles/mujoco_sim_node.dir/src/mujoco_sim_node.cpp.o] ä¸­æ–­
gmake[1]: *** [CMakeFiles/Makefile2:762: CMakeFiles/mujoco_sim_node.dir/all] ä¸­æ–­
gmake: *** [Makefile:146: all] ä¸­æ–­
