[0.037s] Invoking command in '/home/mscrobotics2425laptop16/mujoco_ros_ws/build/mujoco_ros2_control': CMAKE_PREFIX_PATH=${CMAKE_PREFIX_PATH}:/home/mscrobotics2425laptop16/interbotix_ws/install/interbotix_xs_modules:/home/mscrobotics2425laptop16/interbotix_ws/install/interbotix_perception_modules:/home/mscrobotics2425laptop16/interbotix_ws/install/interbotix_common_modules:/home/mscrobotics2425laptop16/interbotix_ws/install/control_pkg:/opt/ros/humble /usr/bin/cmake --build /home/mscrobotics2425laptop16/mujoco_ros_ws/build/mujoco_ros2_control -- -j12 -l12
[0.135s] [35m[1mConsolidate compiler generated dependencies of target mujoco_system_plugins[0m
[0.188s] [35m[1mConsolidate compiler generated dependencies of target mujoco_ros2_control[0m
[0.193s] [ 16%] [32mBuilding CXX object CMakeFiles/mujoco_system_plugins.dir/src/mujoco_system.cpp.o[0m
[0.300s] [ 83%] Built target mujoco_ros2_control
[3.308s] [01m[K/home/mscrobotics2425laptop16/mujoco_ros_ws/src/mujoco_ros2_control/mujoco_ros2_control/src/mujoco_system.cpp:[m[K In member function â€˜[01m[Kvirtual hardware_interface::return_type mujoco_ros2_control::MujocoSystem::write(const rclcpp::Time&, const rclcpp::Duration&)[m[Kâ€™:
[3.308s] [01m[K/home/mscrobotics2425laptop16/mujoco_ros_ws/src/mujoco_ros2_control/mujoco_ros2_control/src/mujoco_system.cpp:160:37:[m[K [01;31m[Kerror: [m[Kâ€˜[01m[Kclass control_toolbox::Pid[m[Kâ€™ has no member named â€˜[01m[KgetDerivativeTerm[m[Kâ€™; did you mean â€˜[01m[KgetDerivativeError[m[Kâ€™?
[3.308s]   160 |     double qd_cmd = js.position_pid.[01;31m[KgetDerivativeTerm[m[K(); // å¦‚æžœ PID æä¾›æœŸæœ›é€Ÿåº¦ï¼Œå¯ç”¨æ­¤é¡¹
[3.308s]       |                                     [01;31m[K^~~~~~~~~~~~~~~~~[m[K
[3.308s]       |                                     [32m[KgetDerivativeError[m[K
[3.316s] [01m[K/home/mscrobotics2425laptop16/mujoco_ros_ws/src/mujoco_ros2_control/mujoco_ros2_control/src/mujoco_system.cpp:163:5:[m[K [01;31m[Kerror: [m[Kâ€˜[01m[Kqdd_desired[m[Kâ€™ was not declared in this scope
[3.316s]   163 |     [01;31m[Kqdd_desired[m[K[qi] =
[3.316s]       |     [01;31m[K^~~~~~~~~~~[m[K
[3.316s] [01m[K/home/mscrobotics2425laptop16/mujoco_ros_ws/src/mujoco_ros2_control/mujoco_ros2_control/src/mujoco_system.cpp:164:23:[m[K [01;31m[Kerror: [m[Kâ€˜[01m[Kclass control_toolbox::Pid[m[Kâ€™ has no member named â€˜[01m[KgetProportionalGain[m[Kâ€™
[3.317s]   164 |       js.position_pid.[01;31m[KgetProportionalGain[m[K()  * err
[3.317s]       |                       [01;31m[K^~~~~~~~~~~~~~~~~~~[m[K
[3.317s] [01m[K/home/mscrobotics2425laptop16/mujoco_ros_ws/src/mujoco_ros2_control/mujoco_ros2_control/src/mujoco_system.cpp:165:23:[m[K [01;31m[Kerror: [m[Kâ€˜[01m[Kclass control_toolbox::Pid[m[Kâ€™ has no member named â€˜[01m[KgetDerivativeGain[m[Kâ€™; did you mean â€˜[01m[KgetDerivativeError[m[Kâ€™?
[3.317s]   165 |     - js.position_pid.[01;31m[KgetDerivativeGain[m[K()    * qd;
[3.317s]       |                       [01;31m[K^~~~~~~~~~~~~~~~~[m[K
[3.317s]       |                       [32m[KgetDerivativeError[m[K
[3.317s] [01m[K/home/mscrobotics2425laptop16/mujoco_ros_ws/src/mujoco_ros2_control/mujoco_ros2_control/src/mujoco_system.cpp:160:12:[m[K [01;35m[Kwarning: [m[Kunused variable â€˜[01m[Kqd_cmd[m[Kâ€™ [[01;35m[K]8;;https://gcc.gnu.org/onlinedocs/gcc/Warning-Options.html#index-Wunused-variable-Wunused-variable]8;;[m[K]
[3.317s]   160 |     double [01;35m[Kqd_cmd[m[K = js.position_pid.getDerivativeTerm(); // å¦‚æžœ PID æä¾›æœŸæœ›é€Ÿåº¦ï¼Œå¯ç”¨æ­¤é¡¹
[3.317s]       |            [01;35m[K^~~~~~[m[K
[3.325s] [01m[K/home/mscrobotics2425laptop16/mujoco_ros_ws/src/mujoco_ros2_control/mujoco_ros2_control/src/mujoco_system.cpp:169:31:[m[K [01;31m[Kerror: [m[Kâ€˜[01m[Kqdd_desired[m[Kâ€™ was not declared in this scope
[3.325s]   169 |   mj_rne(mj_model_, mj_data_, [01;31m[Kqdd_desired[m[K.data(), torque_ff.data());
[3.325s]       |                               [01;31m[K^~~~~~~~~~~[m[K
[3.334s] [01m[K/home/mscrobotics2425laptop16/mujoco_ros_ws/src/mujoco_ros2_control/mujoco_ros2_control/src/mujoco_system.cpp:169:51:[m[K [01;31m[Kerror: [m[Kâ€˜[01m[Ktorque_ff[m[Kâ€™ was not declared in this scope
[3.334s]   169 |   mj_rne(mj_model_, mj_data_, qdd_desired.data(), [01;31m[Ktorque_ff[m[K.data());
[3.334s]       |                                                   [01;31m[K^~~~~~~~~[m[K
[3.334s] [01m[K/home/mscrobotics2425laptop16/mujoco_ros_ws/src/mujoco_ros2_control/mujoco_ros2_control/src/mujoco_system.cpp:145:7:[m[K [01;35m[Kwarning: [m[Kunused variable â€˜[01m[Knv[m[Kâ€™ [[01;35m[K]8;;https://gcc.gnu.org/onlinedocs/gcc/Warning-Options.html#index-Wunused-variable-Wunused-variable]8;;[m[K]
[3.334s]   145 |   int [01;35m[Knv[m[K = mj_model_->nv;
[3.334s]       |       [01;35m[K^~[m[K
[3.334s] [01m[K/home/mscrobotics2425laptop16/mujoco_ros_ws/src/mujoco_ros2_control/mujoco_ros2_control/src/mujoco_system.cpp:142:28:[m[K [01;35m[Kwarning: [m[Kunused parameter â€˜[01m[Kperiod[m[Kâ€™ [[01;35m[K]8;;https://gcc.gnu.org/onlinedocs/gcc/Warning-Options.html#index-Wunused-parameter-Wunused-parameter]8;;[m[K]
[3.334s]   142 |   [01;35m[Kconst rclcpp::Duration & period[m[K)
[3.335s]       |   [01;35m[K~~~~~~~~~~~~~~~~~~~~~~~~~^~~~~~[m[K
[4.081s] gmake[2]: *** [CMakeFiles/mujoco_system_plugins.dir/build.make:76ï¼šCMakeFiles/mujoco_system_plugins.dir/src/mujoco_system.cpp.o] é”™è¯¯ 1
[4.081s] gmake[1]: *** [CMakeFiles/Makefile2:139ï¼šCMakeFiles/mujoco_system_plugins.dir/all] é”™è¯¯ 2
[4.081s] gmake: *** [Makefile:146ï¼šall] é”™è¯¯ 2
[4.084s] Invoked command in '/home/mscrobotics2425laptop16/mujoco_ros_ws/build/mujoco_ros2_control' returned '2': CMAKE_PREFIX_PATH=${CMAKE_PREFIX_PATH}:/home/mscrobotics2425laptop16/interbotix_ws/install/interbotix_xs_modules:/home/mscrobotics2425laptop16/interbotix_ws/install/interbotix_perception_modules:/home/mscrobotics2425laptop16/interbotix_ws/install/interbotix_common_modules:/home/mscrobotics2425laptop16/interbotix_ws/install/control_pkg:/opt/ros/humble /usr/bin/cmake --build /home/mscrobotics2425laptop16/mujoco_ros_ws/build/mujoco_ros2_control -- -j12 -l12
