-- Found ament_cmake: 1.3.11 (/opt/ros/humble/share/ament_cmake/cmake)
-- Found rosidl_default_generators: 1.2.0 (/opt/ros/humble/share/rosidl_default_generators/cmake)
-- Using all available rosidl_typesupport_c: rosidl_typesupport_fastrtps_c;rosidl_typesupport_introspection_c
-- Found rosidl_adapter: 3.1.6 (/opt/ros/humble/share/rosidl_adapter/cmake)
-- Using all available rosidl_typesupport_cpp: rosidl_typesupport_fastrtps_cpp;rosidl_typesupport_introspection_cpp
-- Found rclcpp: 16.0.11 (/opt/ros/humble/share/rclcpp/cmake)
-- Found rmw_implementation_cmake: 6.1.2 (/opt/ros/humble/share/rmw_implementation_cmake/cmake)
-- Found rmw_fastrtps_cpp: 6.2.7 (/opt/ros/humble/share/rmw_fastrtps_cpp/cmake)
-- Using RMW implementation 'rmw_fastrtps_cpp' as default
-- Found trajectory_msgs: 4.2.4 (/opt/ros/humble/share/trajectory_msgs/cmake)
-- Found control_msgs: 4.8.0 (/opt/ros/humble/share/control_msgs/cmake)
-- Found diagnostic_msgs: 4.2.4 (/opt/ros/humble/share/diagnostic_msgs/cmake)
-- Found tf2_ros: 0.25.12 (/opt/ros/humble/share/tf2_ros/cmake)
-- Found ament_cmake_ros: 0.10.0 (/opt/ros/humble/share/ament_cmake_ros/cmake)
-- Using all available rosidl_typesupport_c: rosidl_typesupport_fastrtps_c;rosidl_typesupport_introspection_c
-- Using all available rosidl_typesupport_cpp: rosidl_typesupport_fastrtps_cpp;rosidl_typesupport_introspection_cpp
-- Found python_cmake_module: 0.10.0 (/opt/ros/humble/share/python_cmake_module/cmake)
-- Using PYTHON_EXECUTABLE: /usr/bin/python3
-- Using PYTHON_INCLUDE_DIRS: /usr/include/python3.10
-- Using PYTHON_LIBRARIES: /usr/lib/x86_64-linux-gnu/libpython3.10.so
-- Found ament_lint_auto: 0.12.11 (/opt/ros/humble/share/ament_lint_auto/cmake)
-- Configuring done
-- Generating done
-- Build files have been written to: /home/mscrobotics2425laptop16/mujoco_ros_ws/build/fr3_control_publish
[35m[1mConsolidate compiler generated dependencies of target fr3_control_publish__rosidl_generator_c[0m
[35m[1mConsolidate compiler generated dependencies of target ee_pose_bridge[0m
[35m[1mConsolidate compiler generated dependencies of target fr3_monitor[0m
[35m[1mConsolidate compiler generated dependencies of target tangential_velocity_controller[0m
[35m[1mConsolidate compiler generated dependencies of target hybridforcetangentialcontroller[0m
[  2%] Built target fr3_control_publish__cpp
[ 11%] [32mBuilding CXX object CMakeFiles/mujoco_sim_node.dir/src/mujoco_sim_node.cpp.o[0m
[ 11%] Built target fr3_control_publish__rosidl_generator_c
[ 15%] Built target fr3_monitor
[ 20%] Built target tangential_velocity_controller
[35m[1mConsolidate compiler generated dependencies of target fr3_control_publish__rosidl_typesupport_introspection_cpp[0m
[35m[1mConsolidate compiler generated dependencies of target fr3_control_publish__rosidl_typesupport_fastrtps_cpp[0m
[ 24%] Built target ee_pose_bridge
[ 24%] Built target ament_cmake_python_copy_fr3_control_publish
[35m[1mConsolidate compiler generated dependencies of target fr3_control_publish__rosidl_typesupport_cpp[0m
[35m[1mConsolidate compiler generated dependencies of target fr3_control_publish__rosidl_typesupport_introspection_c[0m
[ 31%] Built target fr3_control_publish__rosidl_typesupport_introspection_cpp
[35m[1mConsolidate compiler generated dependencies of target fr3_control_publish__rosidl_typesupport_c[0m
[35m[1mConsolidate compiler generated dependencies of target fr3_control_publish__rosidl_typesupport_fastrtps_c[0m
[ 35%] Built target hybridforcetangentialcontroller
[ 48%] Built target fr3_control_publish__rosidl_typesupport_cpp
[ 42%] Built target fr3_control_publish__rosidl_typesupport_fastrtps_cpp
[ 55%] Built target fr3_control_publish__rosidl_typesupport_c
[ 62%] Built target fr3_control_publish__rosidl_typesupport_introspection_c
[ 68%] Built target fr3_control_publish__rosidl_typesupport_fastrtps_c
[35m[1mConsolidate compiler generated dependencies of target jacobian_publisher[0m
[35m[1mConsolidate compiler generated dependencies of target force_position_controller[0m
[ 73%] Built target force_position_controller
[ 73%] Built target fr3_control_publish
[ 77%] Built target jacobian_publisher
[ 80%] Built target fr3_control_publish__py
[35m[1mConsolidate compiler generated dependencies of target fr3_control_publish__rosidl_generator_py[0m
[ 84%] Built target fr3_control_publish__rosidl_generator_py
[35m[1mConsolidate compiler generated dependencies of target fr3_control_publish__rosidl_typesupport_fastrtps_c__pyext[0m
[35m[1mConsolidate compiler generated dependencies of target fr3_control_publish__rosidl_typesupport_c__pyext[0m
[35m[1mConsolidate compiler generated dependencies of target fr3_control_publish__rosidl_typesupport_introspection_c__pyext[0m
[ 88%] Built target fr3_control_publish__rosidl_typesupport_c__pyext
[ 93%] Built target fr3_control_publish__rosidl_typesupport_fastrtps_c__pyext
[ 97%] Built target fr3_control_publish__rosidl_typesupport_introspection_c__pyext
running egg_info
writing fr3_control_publish.egg-info/PKG-INFO
writing dependency_links to fr3_control_publish.egg-info/dependency_links.txt
writing top-level names to fr3_control_publish.egg-info/top_level.txt
reading manifest file 'fr3_control_publish.egg-info/SOURCES.txt'
writing manifest file 'fr3_control_publish.egg-info/SOURCES.txt'
[ 97%] Built target ament_cmake_python_build_fr3_control_publish_egg
[01m[K/home/mscrobotics2425laptop16/mujoco_ros_ws/src/fr3_control_publish/src/mujoco_sim_node.cpp:[m[K In constructor â€˜[01m[KMujocoSimNode::MujocoSimNode()[m[Kâ€™:
[01m[K/home/mscrobotics2425laptop16/mujoco_ros_ws/src/fr3_control_publish/src/mujoco_sim_node.cpp:21:9:[m[K [01;31m[Kerror: [m[Kâ€˜[01m[Kmj_activate[m[Kâ€™ was not declared in this scope
   21 |     if ([01;31m[Kmj_activate[m[K(nullptr) != 1) {
      |         [01;31m[K^~~~~~~~~~~[m[K
[01m[K/home/mscrobotics2425laptop16/mujoco_ros_ws/src/fr3_control_publish/src/mujoco_sim_node.cpp:[m[K In destructor â€˜[01m[Kvirtual MujocoSimNode::~MujocoSimNode()[m[Kâ€™:
[01m[K/home/mscrobotics2425laptop16/mujoco_ros_ws/src/fr3_control_publish/src/mujoco_sim_node.cpp:96:5:[m[K [01;31m[Kerror: [m[Kâ€˜[01m[Kmj_deactivate[m[Kâ€™ was not declared in this scope; did you mean â€˜[01m[Kmj_setState[m[Kâ€™?
   96 |     [01;31m[Kmj_deactivate[m[K();
      |     [01;31m[K^~~~~~~~~~~~~[m[K
      |     [32m[Kmj_setState[m[K
gmake[2]: *** [CMakeFiles/mujoco_sim_node.dir/build.make:76ï¼šCMakeFiles/mujoco_sim_node.dir/src/mujoco_sim_node.cpp.o] é”™è¯¯ 1
gmake[1]: *** [CMakeFiles/Makefile2:762ï¼šCMakeFiles/mujoco_sim_node.dir/all] é”™è¯¯ 2
gmake: *** [Makefile:146ï¼šall] é”™è¯¯ 2
