[0.028s] Invoking command in '/home/mscrobotics2425laptop16/mujoco_ros_ws/build/fr3_control_publish': CMAKE_PREFIX_PATH=${CMAKE_PREFIX_PATH}:/home/mscrobotics2425laptop16/interbotix_ws/install/interbotix_xs_modules:/home/mscrobotics2425laptop16/interbotix_ws/install/interbotix_perception_modules:/home/mscrobotics2425laptop16/interbotix_ws/install/interbotix_common_modules:/home/mscrobotics2425laptop16/interbotix_ws/install/control_pkg:/opt/ros/humble /usr/bin/cmake --build /home/mscrobotics2425laptop16/mujoco_ros_ws/build/fr3_control_publish -- -j12 -l12
[0.076s] -- Found ament_cmake: 1.3.11 (/opt/ros/humble/share/ament_cmake/cmake)
[0.304s] -- Found rosidl_default_generators: 1.2.0 (/opt/ros/humble/share/rosidl_default_generators/cmake)
[0.314s] -- Using all available rosidl_typesupport_c: rosidl_typesupport_fastrtps_c;rosidl_typesupport_introspection_c
[0.318s] -- Found rosidl_adapter: 3.1.6 (/opt/ros/humble/share/rosidl_adapter/cmake)
[0.356s] -- Using all available rosidl_typesupport_cpp: rosidl_typesupport_fastrtps_cpp;rosidl_typesupport_introspection_cpp
[0.372s] -- Found rclcpp: 16.0.11 (/opt/ros/humble/share/rclcpp/cmake)
[0.399s] -- Found rmw_implementation_cmake: 6.1.2 (/opt/ros/humble/share/rmw_implementation_cmake/cmake)
[0.400s] -- Found rmw_fastrtps_cpp: 6.2.7 (/opt/ros/humble/share/rmw_fastrtps_cpp/cmake)
[0.532s] -- Using RMW implementation 'rmw_fastrtps_cpp' as default
[0.574s] -- Found trajectory_msgs: 4.2.4 (/opt/ros/humble/share/trajectory_msgs/cmake)
[0.593s] -- Found control_msgs: 4.8.0 (/opt/ros/humble/share/control_msgs/cmake)
[0.646s] -- Found diagnostic_msgs: 4.2.4 (/opt/ros/humble/share/diagnostic_msgs/cmake)
[0.656s] -- Found tf2_ros: 0.25.12 (/opt/ros/humble/share/tf2_ros/cmake)
[0.982s] -- Found ament_cmake_ros: 0.10.0 (/opt/ros/humble/share/ament_cmake_ros/cmake)
[1.236s] -- Using all available rosidl_typesupport_c: rosidl_typesupport_fastrtps_c;rosidl_typesupport_introspection_c
[1.559s] -- Using all available rosidl_typesupport_cpp: rosidl_typesupport_fastrtps_cpp;rosidl_typesupport_introspection_cpp
[1.579s] -- Found python_cmake_module: 0.10.0 (/opt/ros/humble/share/python_cmake_module/cmake)
[1.600s] -- Using PYTHON_EXECUTABLE: /usr/bin/python3
[1.600s] -- Using PYTHON_INCLUDE_DIRS: /usr/include/python3.10
[1.600s] -- Using PYTHON_LIBRARIES: /usr/lib/x86_64-linux-gnu/libpython3.10.so
[1.675s] -- Found ament_lint_auto: 0.12.11 (/opt/ros/humble/share/ament_lint_auto/cmake)
[1.678s] -- Configuring done
[1.754s] -- Generating done
[1.787s] -- Build files have been written to: /home/mscrobotics2425laptop16/mujoco_ros_ws/build/fr3_control_publish
[1.842s] [35m[1mConsolidate compiler generated dependencies of target fr3_control_publish__rosidl_generator_c[0m
[1.843s] [35m[1mConsolidate compiler generated dependencies of target ee_pose_bridge[0m
[1.844s] [35m[1mConsolidate compiler generated dependencies of target fr3_monitor[0m
[1.851s] [35m[1mConsolidate compiler generated dependencies of target tangential_velocity_controller[0m
[1.862s] [35m[1mConsolidate compiler generated dependencies of target hybridforcetangentialcontroller[0m
[1.871s] [  2%] Built target fr3_control_publish__cpp
[1.888s] [ 11%] [32mBuilding CXX object CMakeFiles/mujoco_sim_node.dir/src/mujoco_sim_node.cpp.o[0m
[1.889s] [ 11%] Built target fr3_control_publish__rosidl_generator_c
[1.890s] [ 15%] Built target fr3_monitor
[1.891s] [ 20%] Built target tangential_velocity_controller
[1.892s] [35m[1mConsolidate compiler generated dependencies of target fr3_control_publish__rosidl_typesupport_introspection_cpp[0m
[1.897s] [35m[1mConsolidate compiler generated dependencies of target fr3_control_publish__rosidl_typesupport_fastrtps_cpp[0m
[1.901s] [ 24%] Built target ee_pose_bridge
[1.905s] [ 24%] Built target ament_cmake_python_copy_fr3_control_publish
[1.906s] [35m[1mConsolidate compiler generated dependencies of target fr3_control_publish__rosidl_typesupport_cpp[0m
[1.910s] [35m[1mConsolidate compiler generated dependencies of target fr3_control_publish__rosidl_typesupport_introspection_c[0m
[1.910s] [ 31%] Built target fr3_control_publish__rosidl_typesupport_introspection_cpp
[1.910s] [35m[1mConsolidate compiler generated dependencies of target fr3_control_publish__rosidl_typesupport_c[0m
[1.910s] [35m[1mConsolidate compiler generated dependencies of target fr3_control_publish__rosidl_typesupport_fastrtps_c[0m
[1.915s] [ 35%] Built target hybridforcetangentialcontroller
[1.929s] [ 48%] Built target fr3_control_publish__rosidl_typesupport_cpp
[1.930s] [ 42%] Built target fr3_control_publish__rosidl_typesupport_fastrtps_cpp
[1.930s] [ 55%] Built target fr3_control_publish__rosidl_typesupport_c
[1.930s] [ 62%] Built target fr3_control_publish__rosidl_typesupport_introspection_c
[1.936s] [ 68%] Built target fr3_control_publish__rosidl_typesupport_fastrtps_c
[1.950s] [35m[1mConsolidate compiler generated dependencies of target jacobian_publisher[0m
[1.950s] [35m[1mConsolidate compiler generated dependencies of target force_position_controller[0m
[1.970s] [ 73%] Built target force_position_controller
[1.970s] [ 73%] Built target fr3_control_publish
[1.976s] [ 77%] Built target jacobian_publisher
[1.999s] [ 80%] Built target fr3_control_publish__py
[2.022s] [35m[1mConsolidate compiler generated dependencies of target fr3_control_publish__rosidl_generator_py[0m
[2.039s] [ 84%] Built target fr3_control_publish__rosidl_generator_py
[2.052s] [35m[1mConsolidate compiler generated dependencies of target fr3_control_publish__rosidl_typesupport_fastrtps_c__pyext[0m
[2.057s] [35m[1mConsolidate compiler generated dependencies of target fr3_control_publish__rosidl_typesupport_c__pyext[0m
[2.057s] [35m[1mConsolidate compiler generated dependencies of target fr3_control_publish__rosidl_typesupport_introspection_c__pyext[0m
[2.070s] [ 88%] Built target fr3_control_publish__rosidl_typesupport_c__pyext
[2.071s] [ 93%] Built target fr3_control_publish__rosidl_typesupport_fastrtps_c__pyext
[2.077s] [ 97%] Built target fr3_control_publish__rosidl_typesupport_introspection_c__pyext
[2.128s] running egg_info
[2.143s] writing fr3_control_publish.egg-info/PKG-INFO
[2.144s] writing dependency_links to fr3_control_publish.egg-info/dependency_links.txt
[2.144s] writing top-level names to fr3_control_publish.egg-info/top_level.txt
[2.184s] reading manifest file 'fr3_control_publish.egg-info/SOURCES.txt'
[2.185s] writing manifest file 'fr3_control_publish.egg-info/SOURCES.txt'
[2.214s] [ 97%] Built target ament_cmake_python_build_fr3_control_publish_egg
[3.797s] [01m[K/home/mscrobotics2425laptop16/mujoco_ros_ws/src/fr3_control_publish/src/mujoco_sim_node.cpp:[m[K In constructor â€˜[01m[KMujocoSimNode::MujocoSimNode()[m[Kâ€™:
[3.798s] [01m[K/home/mscrobotics2425laptop16/mujoco_ros_ws/src/fr3_control_publish/src/mujoco_sim_node.cpp:21:9:[m[K [01;31m[Kerror: [m[Kâ€˜[01m[Kmj_activate[m[Kâ€™ was not declared in this scope
[3.798s]    21 |     if ([01;31m[Kmj_activate[m[K(nullptr) != 1) {
[3.798s]       |         [01;31m[K^~~~~~~~~~~[m[K
[3.822s] [01m[K/home/mscrobotics2425laptop16/mujoco_ros_ws/src/fr3_control_publish/src/mujoco_sim_node.cpp:[m[K In destructor â€˜[01m[Kvirtual MujocoSimNode::~MujocoSimNode()[m[Kâ€™:
[3.822s] [01m[K/home/mscrobotics2425laptop16/mujoco_ros_ws/src/fr3_control_publish/src/mujoco_sim_node.cpp:96:5:[m[K [01;31m[Kerror: [m[Kâ€˜[01m[Kmj_deactivate[m[Kâ€™ was not declared in this scope; did you mean â€˜[01m[Kmj_setState[m[Kâ€™?
[3.822s]    96 |     [01;31m[Kmj_deactivate[m[K();
[3.822s]       |     [01;31m[K^~~~~~~~~~~~~[m[K
[3.823s]       |     [32m[Kmj_setState[m[K
[5.810s] gmake[2]: *** [CMakeFiles/mujoco_sim_node.dir/build.make:76ï¼šCMakeFiles/mujoco_sim_node.dir/src/mujoco_sim_node.cpp.o] é”™è¯¯ 1
[5.811s] gmake[1]: *** [CMakeFiles/Makefile2:762ï¼šCMakeFiles/mujoco_sim_node.dir/all] é”™è¯¯ 2
[5.811s] gmake: *** [Makefile:146ï¼šall] é”™è¯¯ 2
[5.814s] Invoked command in '/home/mscrobotics2425laptop16/mujoco_ros_ws/build/fr3_control_publish' returned '2': CMAKE_PREFIX_PATH=${CMAKE_PREFIX_PATH}:/home/mscrobotics2425laptop16/interbotix_ws/install/interbotix_xs_modules:/home/mscrobotics2425laptop16/interbotix_ws/install/interbotix_perception_modules:/home/mscrobotics2425laptop16/interbotix_ws/install/interbotix_common_modules:/home/mscrobotics2425laptop16/interbotix_ws/install/control_pkg:/opt/ros/humble /usr/bin/cmake --build /home/mscrobotics2425laptop16/mujoco_ros_ws/build/fr3_control_publish -- -j12 -l12
