[0.071s] Invoking command in '/home/mscrobotics2425laptop16/mujoco_ros_ws/build/fr3_control_publish': CMAKE_PREFIX_PATH=${CMAKE_PREFIX_PATH}:/home/mscrobotics2425laptop16/interbotix_ws/install/interbotix_xs_modules:/home/mscrobotics2425laptop16/interbotix_ws/install/interbotix_perception_modules:/home/mscrobotics2425laptop16/interbotix_ws/install/interbotix_common_modules:/home/mscrobotics2425laptop16/interbotix_ws/install/control_pkg:/opt/ros/humble /usr/bin/cmake --build /home/mscrobotics2425laptop16/mujoco_ros_ws/build/fr3_control_publish -- -j12 -l12
[0.167s] -- Found ament_cmake: 1.3.11 (/opt/ros/humble/share/ament_cmake/cmake)
[0.683s] -- Found rosidl_default_generators: 1.2.0 (/opt/ros/humble/share/rosidl_default_generators/cmake)
[0.720s] -- Using all available rosidl_typesupport_c: rosidl_typesupport_fastrtps_c;rosidl_typesupport_introspection_c
[0.731s] -- Found rosidl_adapter: 3.1.6 (/opt/ros/humble/share/rosidl_adapter/cmake)
[0.838s] -- Using all available rosidl_typesupport_cpp: rosidl_typesupport_fastrtps_cpp;rosidl_typesupport_introspection_cpp
[0.911s] -- Found rclcpp: 16.0.11 (/opt/ros/humble/share/rclcpp/cmake)
[1.014s] -- Found rmw_implementation_cmake: 6.1.2 (/opt/ros/humble/share/rmw_implementation_cmake/cmake)
[1.020s] -- Found rmw_fastrtps_cpp: 6.2.7 (/opt/ros/humble/share/rmw_fastrtps_cpp/cmake)
[1.321s] -- Using RMW implementation 'rmw_fastrtps_cpp' as default
[1.432s] -- Found trajectory_msgs: 4.2.4 (/opt/ros/humble/share/trajectory_msgs/cmake)
[1.497s] -- Found control_msgs: 4.8.0 (/opt/ros/humble/share/control_msgs/cmake)
[1.614s] -- Found diagnostic_msgs: 4.2.4 (/opt/ros/humble/share/diagnostic_msgs/cmake)
[1.638s] -- Found tf2_ros: 0.25.12 (/opt/ros/humble/share/tf2_ros/cmake)
[2.473s] -- Found ament_cmake_ros: 0.10.0 (/opt/ros/humble/share/ament_cmake_ros/cmake)
[3.106s] -- Using all available rosidl_typesupport_c: rosidl_typesupport_fastrtps_c;rosidl_typesupport_introspection_c
[4.005s] -- Using all available rosidl_typesupport_cpp: rosidl_typesupport_fastrtps_cpp;rosidl_typesupport_introspection_cpp
[4.077s] -- Found python_cmake_module: 0.10.0 (/opt/ros/humble/share/python_cmake_module/cmake)
[4.146s] -- Using PYTHON_EXECUTABLE: /usr/bin/python3
[4.146s] -- Using PYTHON_INCLUDE_DIRS: /usr/include/python3.10
[4.146s] -- Using PYTHON_LIBRARIES: /usr/lib/x86_64-linux-gnu/libpython3.10.so
[4.336s] -- Found ament_lint_auto: 0.12.11 (/opt/ros/humble/share/ament_lint_auto/cmake)
[4.347s] -- Configuring done
[4.531s] -- Generating done
[4.604s] -- Build files have been written to: /home/mscrobotics2425laptop16/mujoco_ros_ws/build/fr3_control_publish
[4.702s] [35m[1mConsolidate compiler generated dependencies of target fr3_control_publish__rosidl_generator_c[0m
[4.703s] [35m[1mConsolidate compiler generated dependencies of target fr3_monitor[0m
[4.706s] [35m[1mConsolidate compiler generated dependencies of target ee_pose_bridge[0m
[4.706s] [35m[1mConsolidate compiler generated dependencies of target hybridforcetangentialcontroller[0m
[4.708s] [35m[1mConsolidate compiler generated dependencies of target tangential_velocity_controller[0m
[4.760s] [  2%] Built target fr3_control_publish__cpp
[4.761s] [  9%] Built target fr3_control_publish__rosidl_generator_c
[4.772s] [  9%] Built target ament_cmake_python_copy_fr3_control_publish
[4.774s] [ 13%] Built target fr3_monitor
[4.782s] [ 16%] [32mBuilding CXX object CMakeFiles/ee_pose_bridge.dir/src/ee_pose_bridge.cpp.o[0m
[4.788s] [ 20%] Built target hybridforcetangentialcontroller
[4.794s] [35m[1mConsolidate compiler generated dependencies of target fr3_control_publish__rosidl_typesupport_cpp[0m
[4.799s] [ 25%] Built target tangential_velocity_controller
[4.802s] [35m[1mConsolidate compiler generated dependencies of target fr3_control_publish__rosidl_typesupport_fastrtps_cpp[0m
[4.803s] [35m[1mConsolidate compiler generated dependencies of target fr3_control_publish__rosidl_typesupport_introspection_cpp[0m
[4.819s] [35m[1mConsolidate compiler generated dependencies of target fr3_control_publish__rosidl_typesupport_fastrtps_c[0m
[4.824s] [35m[1mConsolidate compiler generated dependencies of target fr3_control_publish__rosidl_typesupport_c[0m
[4.839s] [35m[1mConsolidate compiler generated dependencies of target fr3_control_publish__rosidl_typesupport_introspection_c[0m
[4.854s] [ 32%] Built target fr3_control_publish__rosidl_typesupport_introspection_cpp
[4.859s] [ 39%] Built target fr3_control_publish__rosidl_typesupport_cpp
[4.863s] [ 46%] Built target fr3_control_publish__rosidl_typesupport_fastrtps_cpp
[4.870s] [ 53%] Built target fr3_control_publish__rosidl_typesupport_fastrtps_c
[4.881s] [ 60%] Built target fr3_control_publish__rosidl_typesupport_c
[4.888s] [ 67%] Built target fr3_control_publish__rosidl_typesupport_introspection_c
[4.895s] [35m[1mConsolidate compiler generated dependencies of target jacobian_publisher[0m
[4.901s] [35m[1mConsolidate compiler generated dependencies of target force_position_controller[0m
[4.958s] [ 72%] Built target jacobian_publisher
[4.959s] [ 72%] Built target fr3_control_publish
[4.961s] [ 76%] Built target force_position_controller
[5.028s] [ 79%] Built target fr3_control_publish__py
[5.067s] [35m[1mConsolidate compiler generated dependencies of target fr3_control_publish__rosidl_generator_py[0m
[5.105s] [ 83%] Built target fr3_control_publish__rosidl_generator_py
[5.137s] [35m[1mConsolidate compiler generated dependencies of target fr3_control_publish__rosidl_typesupport_c__pyext[0m
[5.142s] [35m[1mConsolidate compiler generated dependencies of target fr3_control_publish__rosidl_typesupport_fastrtps_c__pyext[0m
[5.142s] [35m[1mConsolidate compiler generated dependencies of target fr3_control_publish__rosidl_typesupport_introspection_c__pyext[0m
[5.179s] [ 88%] Built target fr3_control_publish__rosidl_typesupport_c__pyext
[5.181s] [ 93%] Built target fr3_control_publish__rosidl_typesupport_fastrtps_c__pyext
[5.188s] [ 97%] Built target fr3_control_publish__rosidl_typesupport_introspection_c__pyext
[5.540s] running egg_info
[5.605s] writing fr3_control_publish.egg-info/PKG-INFO
[5.606s] writing dependency_links to fr3_control_publish.egg-info/dependency_links.txt
[5.606s] writing top-level names to fr3_control_publish.egg-info/top_level.txt
[5.786s] reading manifest file 'fr3_control_publish.egg-info/SOURCES.txt'
[5.790s] writing manifest file 'fr3_control_publish.egg-info/SOURCES.txt'
[5.866s] [ 97%] Built target ament_cmake_python_build_fr3_control_publish_egg
[7.749s] gmake[2]: *** [CMakeFiles/ee_pose_bridge.dir/build.make:76: CMakeFiles/ee_pose_bridge.dir/src/ee_pose_bridge.cpp.o] ä¸­æ–­
[7.750s] gmake[1]: *** [CMakeFiles/Makefile2:602: CMakeFiles/ee_pose_bridge.dir/all] ä¸­æ–­
[7.750s] gmake: *** [Makefile:146: all] ä¸­æ–­
[7.768s] Invoked command in '/home/mscrobotics2425laptop16/mujoco_ros_ws/build/fr3_control_publish' returned '-2': CMAKE_PREFIX_PATH=${CMAKE_PREFIX_PATH}:/home/mscrobotics2425laptop16/interbotix_ws/install/interbotix_xs_modules:/home/mscrobotics2425laptop16/interbotix_ws/install/interbotix_perception_modules:/home/mscrobotics2425laptop16/interbotix_ws/install/interbotix_common_modules:/home/mscrobotics2425laptop16/interbotix_ws/install/control_pkg:/opt/ros/humble /usr/bin/cmake --build /home/mscrobotics2425laptop16/mujoco_ros_ws/build/fr3_control_publish -- -j12 -l12
