[ 16%] [32mBuilding CXX object CMakeFiles/mujoco_ros2_control.dir/src/mujoco_ros2_control_node.cpp.o[0m
[ 50%] Built target mujoco_system_plugins
[01m[K/home/mscrobotics2425laptop16/mujoco_ros_ws/src/mujoco_ros2_control/mujoco_ros2_control/src/mujoco_ros2_control_node.cpp:[m[K In function â€˜[01m[Kint main(int, const char**)[m[Kâ€™:
[01m[K/home/mscrobotics2425laptop16/mujoco_ros_ws/src/mujoco_ros2_control/mujoco_ros2_control/src/mujoco_ros2_control_node.cpp:49:27:[m[K [01;31m[Kerror: [m[Kâ€˜[01m[Km[m[Kâ€™ was not declared in this scope; did you mean â€˜[01m[Ktm[m[Kâ€™?
   49 |   int id_ee  = mj_name2id([01;31m[Km[m[K, mjOBJ_GEOM, "robot_ee");
      |                           [01;31m[K^[m[K
      |                           [32m[Ktm[m[K
[01m[K/home/mscrobotics2425laptop16/mujoco_ros_ws/src/mujoco_ros2_control/mujoco_ros2_control/src/mujoco_ros2_control_node.cpp:105:36:[m[K [01;31m[Kerror: [m[Kâ€˜[01m[KmjData[m[Kâ€™ {aka â€˜[01m[Kstruct mjData_[m[Kâ€™} has no member named â€˜[01m[KcontactForce[m[Kâ€™
  105 |           mjtNum* f = mujoco_data->[01;31m[KcontactForce[m[K + 6*i;
      |                                    [01;31m[K^~~~~~~~~~~~[m[K
gmake[2]: *** [CMakeFiles/mujoco_ros2_control.dir/build.make:76ï¼šCMakeFiles/mujoco_ros2_control.dir/src/mujoco_ros2_control_node.cpp.o] é”™è¯¯ 1
gmake[1]: *** [CMakeFiles/Makefile2:165ï¼šCMakeFiles/mujoco_ros2_control.dir/all] é”™è¯¯ 2
gmake: *** [Makefile:146ï¼šall] é”™è¯¯ 2
