[01m[K/home/mscrobotics2425laptop16/mujoco_ros_ws/src/mujoco_ros2_control/mujoco_ros2_control/src/mujoco_system.cpp:[m[K In member function ‘[01m[Kvirtual hardware_interface::return_type mujoco_ros2_control::MujocoSystemInterface::write(const rclcpp::Time&, const rclcpp::Duration&)[m[K’:
[01m[K/home/mscrobotics2425laptop16/mujoco_ros_ws/src/mujoco_ros2_control/mujoco_ros2_control/src/mujoco_system.cpp:145:12:[m[K [01;31m[Kerror: [m[K‘[01m[Kmj_model_[m[K’ was not declared in this scope; did you mean ‘[01m[KmjModel_[m[K’?
  145 |   int nv = [01;31m[Kmj_model_[m[K->nv;
      |            [01;31m[K^~~~~~~~~[m[K
      |            [32m[KmjModel_[m[K
[01m[K/home/mscrobotics2425laptop16/mujoco_ros_ws/src/mujoco_ros2_control/mujoco_ros2_control/src/mujoco_system.cpp:149:23:[m[K [01;31m[Kerror: [m[K‘[01m[Kmj_data_[m[K’ was not declared in this scope; did you mean ‘[01m[KmjData_[m[K’?
  149 |   mj_fullM(mj_model_, [01;31m[Kmj_data_[m[K, Mmat.data());
      |                       [01;31m[K^~~~~~~~[m[K
      |                       [32m[KmjData_[m[K
[01m[K/home/mscrobotics2425laptop16/mujoco_ros_ws/src/mujoco_ros2_control/mujoco_ros2_control/src/mujoco_system.cpp:156:22:[m[K [01;31m[Kerror: [m[K‘[01m[Kjoint_states_[m[K’ was not declared in this scope
  156 |   for (auto &joint : [01;31m[Kjoint_states_[m[K)
      |                      [01;31m[K^~~~~~~~~~~~~[m[K
[01m[K/home/mscrobotics2425laptop16/mujoco_ros_ws/src/mujoco_ros2_control/mujoco_ros2_control/src/mujoco_system.cpp:142:28:[m[K [01;35m[Kwarning: [m[Kunused parameter ‘[01m[Kperiod[m[K’ [[01;35m[K]8;;https://gcc.gnu.org/onlinedocs/gcc/Warning-Options.html#index-Wunused-parameter-Wunused-parameter]8;;[m[K]
  142 |   [01;35m[Kconst rclcpp::Duration & period[m[K)
      |   [01;35m[K~~~~~~~~~~~~~~~~~~~~~~~~~^~~~~~[m[K
[01m[K/home/mscrobotics2425laptop16/mujoco_ros_ws/src/mujoco_ros2_control/mujoco_ros2_control/src/mujoco_ros2_control_node.cpp:[m[K In function ‘[01m[Kint main(int, const char**)[m[K’:
[01m[K/home/mscrobotics2425laptop16/mujoco_ros_ws/src/mujoco_ros2_control/mujoco_ros2_control/src/mujoco_ros2_control_node.cpp:71:8:[m[K [01;35m[Kwarning: [m[Kunused variable ‘[01m[Kzero_calibrated[m[K’ [[01;35m[K]8;;https://gcc.gnu.org/onlinedocs/gcc/Warning-Options.html#index-Wunused-variable-Wunused-variable]8;;[m[K]
   71 |   bool [01;35m[Kzero_calibrated[m[K = false;   // baseline for gravity etc.
      |        [01;35m[K^~~~~~~~~~~~~~~[m[K
gmake[2]: *** [CMakeFiles/mujoco_system_plugins.dir/build.make:76：CMakeFiles/mujoco_system_plugins.dir/src/mujoco_system.cpp.o] 错误 1
gmake[1]: *** [CMakeFiles/Makefile2:139：CMakeFiles/mujoco_system_plugins.dir/all] 错误 2
gmake[1]: *** 正在等待未完成的任务....
gmake: *** [Makefile:146：all] 错误 2
